\BOOKMARK [0][-]{chapter.1}{\376\377\000I\000n\000t\000r\000o\000d\000u\000c\000t\000i\000o\000n\000\040\000\040\040\023\000\040\000J\000u\000s\000t\000i\000n\000\040\000B\000a\000u\000m\000a\000n\000n\000,\000\040\000G\000i\000a\000n\000n\000a\000\040\000C\000e\000r\000b\000o\000n\000e\000,\000\040\000T\000h\000o\000m\000a\000s\000\040\000U\000n\000g\000,\000\040\000S\000p\000u\000r\000t\000h\000i\000\040\000S\000e\000t\000t\000y\000\040\000\040\000\040}{}% 1
\BOOKMARK [0][-]{chapter.2}{\376\377\000P\000a\000s\000s\000w\000o\000r\000d\000s\000\040\000\040\040\023\000\040\000J\000u\000s\000t\000i\000n\000\040\000B\000a\000u\000m\000a\000n\000n\000,\000\040\000G\000i\000a\000n\000n\000a\000\040\000C\000e\000r\000b\000o\000n\000e\000,\000\040\000T\000h\000o\000m\000a\000s\000\040\000U\000n\000g\000,\000\040\000S\000p\000u\000r\000t\000h\000i\000\040\000S\000e\000t\000t\000y\000\040\000\040\000\040}{}% 2
\BOOKMARK [0][-]{chapter.3}{\376\377\000K\000a\000n\000b\000a\000n\000\040\000S\000e\000t\000u\000p\000\040\000\040\040\023\000\040\000J\000u\000s\000t\000i\000n\000\040\000B\000a\000u\000m\000a\000n\000n\000,\000\040\000G\000i\000a\000n\000n\000a\000\040\000C\000e\000r\000b\000o\000n\000e\000,\000\040\000T\000h\000o\000m\000a\000s\000\040\000U\000n\000g\000,\000\040\000S\000p\000u\000r\000t\000h\000i\000\040\000S\000e\000t\000t\000y\000\040\000\040\000\040}{}% 3
\BOOKMARK [1][-]{section.3.1}{\376\377\000K\000a\000n\000b\000a\000n\000\040\000S\000e\000t\000u\000p\000\040}{chapter.3}% 4
\BOOKMARK [0][-]{chapter.4}{\376\377\000H\000o\000s\000t\000s\000\040\000\040\040\023\000\040\000J\000u\000s\000t\000i\000n\000\040\000B\000a\000u\000m\000a\000n\000n\000,\000\040\000G\000i\000a\000n\000n\000a\000\040\000C\000e\000r\000b\000o\000n\000e\000,\000\040\000T\000h\000o\000m\000a\000s\000\040\000U\000n\000g\000\040\000\040\000\040}{}% 5
\BOOKMARK [0][-]{chapter.5}{\376\377\000L\000i\000n\000u\000x\000\040\000C\000o\000m\000m\000a\000n\000d\000s\000\040\000\040\040\023\000\040\000J\000u\000s\000t\000i\000n\000\040\000B\000a\000u\000m\000a\000n\000n\000,\000\040\000G\000i\000a\000n\000n\000a\000\040\000C\000e\000r\000b\000o\000n\000e\000,\000\040\000T\000h\000o\000m\000a\000s\000\040\000U\000n\000g\000,\000\040\000S\000p\000u\000r\000t\000h\000i\000\040\000S\000e\000t\000t\000y\000\040\000\040\000\040}{}% 6
\BOOKMARK [1][-]{section.5.1}{\376\377\000L\000i\000n\000u\000x\000\040\000B\000a\000s\000h\000\040\000C\000o\000m\000m\000a\000n\000d\000s\000\040}{chapter.5}% 7
\BOOKMARK [1][-]{section.5.2}{\376\377\000L\000i\000n\000u\000x\000\040\000P\000r\000o\000b\000l\000e\000m\000\040\000S\000e\000t}{chapter.5}% 8
\BOOKMARK [0][-]{chapter.6}{\376\377\000P\000r\000o\000j\000e\000c\000t\000\040\000P\000r\000o\000p\000o\000s\000a\000l\000\040\000\040\040\023\000\040\000J\000u\000s\000t\000i\000n\000\040\000B\000a\000u\000m\000a\000n\000n\000,\000\040\000G\000i\000a\000n\000n\000a\000\040\000C\000e\000r\000b\000o\000n\000e\000,\000\040\000T\000h\000o\000m\000a\000s\000\040\000U\000n\000g\000,\000\040\000S\000p\000u\000r\000t\000h\000i\000\040\000S\000e\000t\000t\000y\000\040\000\040\000\040}{}% 9
\BOOKMARK [1][-]{section.6.1}{\376\377\000P\000r\000o\000j\000e\000c\000t\000\040\000P\000r\000o\000p\000o\000s\000a\000l\000\040}{chapter.6}% 10
\BOOKMARK [2][-]{subsection.6.1.1}{\376\377\000P\000r\000o\000j\000e\000c\000t\000\040\000T\000i\000t\000l\000e\000:\000\040\000Q\000u\000a\000c\000k\000O\000p\000s\000\040\000U\000s\000e\000r\000\040\000I\000n\000t\000e\000r\000f\000a\000c\000e}{section.6.1}% 11
\BOOKMARK [0][-]{chapter.7}{\376\377\000A\000W\000S\000\040\000D\000e\000p\000l\000o\000y\000m\000e\000n\000t\000\040\000\040\040\023\000\040\000J\000u\000s\000t\000i\000n\000\040\000B\000a\000u\000m\000a\000n\000n\000,\000\040\000G\000i\000a\000n\000n\000a\000\040\000C\000e\000r\000b\000o\000n\000e\000,\000\040\000T\000h\000o\000m\000a\000s\000\040\000U\000n\000g\000,\000\040\000S\000p\000u\000r\000t\000h\000i\000\040\000S\000e\000t\000t\000y\000\040\000\040\000\040}{}% 12
\BOOKMARK [1][-]{section.7.1}{\376\377\000O\000v\000e\000r\000v\000i\000e\000w}{chapter.7}% 13
\BOOKMARK [1][-]{section.7.2}{\376\377\000S\000e\000t\000\040\000u\000p\000\040\000E\000n\000v\000i\000r\000o\000n\000m\000e\000n\000t}{chapter.7}% 14
\BOOKMARK [1][-]{section.7.3}{\376\377\000S\000e\000t\000\040\000u\000p\000\040\000I\000A\000M\000\040\000I\000d\000e\000n\000t\000i\000t\000y\000\040\000C\000e\000n\000t\000e\000r}{chapter.7}% 15
\BOOKMARK [1][-]{section.7.4}{\376\377\000C\000o\000n\000f\000i\000g\000u\000r\000e\000\040\000A\000W\000S\000\040\000C\000L\000I\000\040\000w\000i\000t\000h\000\040\000S\000S\000O}{chapter.7}% 16
\BOOKMARK [1][-]{section.7.5}{\376\377\000S\000e\000t\000\040\000E\000n\000v\000i\000r\000o\000n\000m\000e\000n\000t\000\040\000V\000a\000r\000i\000a\000b\000l\000e\000s\000\040\000\050\000W\000i\000n\000d\000o\000w\000s\000\040\000C\000M\000D\000\051}{chapter.7}% 17
\BOOKMARK [1][-]{section.7.6}{\376\377\000C\000r\000e\000a\000t\000e\000\040\000a\000n\000\040\000E\000C\000R\000\040\000r\000e\000p\000o\000s\000i\000t\000o\000r\000y}{chapter.7}% 18
\BOOKMARK [1][-]{section.7.7}{\376\377\000B\000u\000i\000l\000d\000,\000\040\000T\000a\000g\000,\000\040\000a\000n\000d\000\040\000P\000u\000s\000h\000\040\000D\000o\000c\000k\000e\000r\000\040\000I\000m\000a\000g\000e}{chapter.7}% 19
\BOOKMARK [1][-]{section.7.8}{\376\377\000C\000r\000e\000a\000t\000e\000\040\000A\000p\000p\000\040\000R\000u\000n\000n\000e\000r\000\040\000E\000C\000R\000\040\000A\000c\000c\000e\000s\000s\000\040\000R\000o\000l\000e}{chapter.7}% 20
\BOOKMARK [1][-]{section.7.9}{\376\377\000D\000e\000p\000l\000o\000y\000\040\000w\000i\000t\000h\000\040\000A\000p\000p\000\040\000R\000u\000n\000n\000e\000r}{chapter.7}% 21
\BOOKMARK [1][-]{section.7.10}{\376\377\000V\000e\000r\000i\000f\000y\000\040\000S\000e\000r\000v\000i\000c\000e\000\040\000a\000n\000d\000\040\000G\000e\000t\000\040\000U\000R\000L}{chapter.7}% 22
\BOOKMARK [1][-]{section.7.11}{\376\377\000W\000e\000b\000s\000i\000t\000e\000\040\000R\000e\000f\000a\000c\000t\000o\000r}{chapter.7}% 23
\BOOKMARK [2][-]{subsection.7.11.1}{\376\377\000U\000p\000d\000a\000t\000e\000d\000\040\000J\000a\000v\000a\000S\000c\000r\000i\000p\000t\000\040\000C\000o\000d\000e}{section.7.11}% 24
\BOOKMARK [2][-]{subsection.7.11.2}{\376\377\000U\000M\000L\000\040\000C\000l\000a\000s\000s\000\040\000D\000i\000a\000g\000r\000a\000m}{section.7.11}% 25
\BOOKMARK [0][-]{chapter.8}{\376\377\000L\000a\000T\000e\000X\000\040\000D\000o\000c\000k\000e\000r\000\040\000\040\040\023\000\040\000J\000u\000s\000t\000i\000n\000\040\000B\000a\000u\000m\000a\000n\000n\000,\000\040\000G\000i\000a\000n\000n\000a\000\040\000C\000e\000r\000b\000o\000n\000e\000,\000\040\000T\000h\000o\000m\000a\000s\000\040\000U\000n\000g\000,\000\040\000S\000p\000u\000r\000t\000h\000i\000\040\000S\000e\000t\000t\000y\000\040\000\040\000\040}{}% 26
\BOOKMARK [1][-]{section.8.1}{\376\377\000O\000v\000e\000r\000v\000i\000e\000w}{chapter.8}% 27
\BOOKMARK [1][-]{section.8.2}{\376\377\000D\000o\000c\000k\000e\000r\000f\000i\000l\000e}{chapter.8}% 28
\BOOKMARK [1][-]{section.8.3}{\376\377\000B\000u\000i\000l\000d\000\040\000a\000n\000d\000\040\000R\000u\000n}{chapter.8}% 29
\BOOKMARK [0][-]{chapter.9}{\376\377\000B\000u\000g\000z\000i\000l\000l\000a\000\040\000\040\040\023\000\040\000S\000p\000u\000r\000t\000h\000i\000\040\000S\000e\000t\000t\000y\000\040\000\040\000\040}{}% 30
\BOOKMARK [1][-]{section.9.1}{\376\377\000S\000e\000t\000t\000i\000n\000g\000\040\000U\000p\000\040\000B\000u\000g\000z\000i\000l\000l\000a\000\040\000i\000n\000\040\000D\000o\000c\000k\000e\000r\000\040\000o\000n\000\040\000D\000i\000g\000i\000t\000a\000l\000O\000c\000e\000a\000n}{chapter.9}% 31
\BOOKMARK [2][-]{subsection.9.1.1}{\376\377\000E\000n\000v\000i\000r\000o\000n\000m\000e\000n\000t\000\040\000S\000e\000t\000u\000p}{section.9.1}% 32
\BOOKMARK [2][-]{subsection.9.1.2}{\376\377\000D\000e\000p\000l\000o\000y\000i\000n\000g\000\040\000B\000u\000g\000z\000i\000l\000l\000a\000\040\000v\000i\000a\000\040\000D\000o\000c\000k\000e\000r\000\040\000C\000o\000m\000p\000o\000s\000e}{section.9.1}% 33
\BOOKMARK [2][-]{subsection.9.1.3}{\376\377\000C\000o\000n\000f\000i\000g\000u\000r\000i\000n\000g\000\040\000B\000u\000g\000z\000i\000l\000l\000a\000\040\000I\000n\000s\000i\000d\000e\000\040\000t\000h\000e\000\040\000C\000o\000n\000t\000a\000i\000n\000e\000r}{section.9.1}% 34
\BOOKMARK [2][-]{subsection.9.1.4}{\376\377\000R\000e\000s\000o\000l\000v\000i\000n\000g\000\040\000A\000p\000a\000c\000h\000e\000\040\000C\000o\000n\000f\000i\000g\000u\000r\000a\000t\000i\000o\000n\000\040\000a\000n\000d\000\040\000P\000e\000r\000m\000i\000s\000s\000i\000o\000n\000s}{section.9.1}% 35
\BOOKMARK [2][-]{subsection.9.1.5}{\376\377\000T\000e\000s\000t\000i\000n\000g\000\040\000a\000n\000d\000\040\000V\000e\000r\000i\000f\000i\000c\000a\000t\000i\000o\000n}{section.9.1}% 36
\BOOKMARK [2][-]{subsection.9.1.6}{\376\377\000T\000r\000o\000u\000b\000l\000e\000s\000h\000o\000o\000t\000i\000n\000g\000\040\000N\000o\000t\000e\000s}{section.9.1}% 37
\BOOKMARK [2][-]{subsection.9.1.7}{\376\377\000F\000i\000n\000a\000l\000\040\000R\000e\000s\000u\000l\000t}{section.9.1}% 38
\BOOKMARK [0][-]{chapter.10}{\376\377\000O\000v\000e\000r\000l\000e\000a\000f\000\040\000\040\040\023\000\040\000S\000p\000u\000r\000t\000h\000i\000\040\000S\000e\000t\000t\000y\000\040\000\040\000\040}{}% 39
\BOOKMARK [1][-]{section.10.1}{\376\377\000H\000o\000w\000\040\000t\000o\000\040\000c\000o\000m\000p\000i\000l\000e\000\040\000t\000h\000i\000s\000\040\000c\000h\000a\000p\000t\000e\000r}{chapter.10}% 40
\BOOKMARK [1][-]{section.10.2}{\376\377\000C\000o\000n\000t\000e\000x\000t}{chapter.10}% 41
\BOOKMARK [1][-]{section.10.3}{\376\377\000P\000r\000e\000r\000e\000q\000u\000i\000s\000i\000t\000e\000s\000\040\000\050\000U\000b\000u\000n\000t\000u\000\040\0002\0002\000.\0000\0004\000/\0002\0004\000.\0000\0004\000\051}{chapter.10}% 42
\BOOKMARK [1][-]{section.10.4}{\376\377\000B\000a\000s\000e\000l\000i\000n\000e\000\040\000d\000e\000p\000l\000o\000y\000m\000e\000n\000t}{chapter.10}% 43
\BOOKMARK [2][-]{subsection.10.4.1}{\376\377\000C\000r\000e\000a\000t\000e\000\040\000w\000o\000r\000k\000i\000n\000g\000\040\000d\000i\000r\000e\000c\000t\000o\000r\000y}{section.10.4}% 44
\BOOKMARK [2][-]{subsection.10.4.2}{\376\377\000O\000p\000e\000n\000\040\000f\000i\000r\000e\000w\000a\000l\000l}{section.10.4}% 45
\BOOKMARK [2][-]{subsection.10.4.3}{\376\377\000I\000n\000i\000t\000i\000a\000l\000\040\000d\000o\000c\000k\000e\000r\000-\000c\000o\000m\000p\000o\000s\000e\000.\000y\000m\000l}{section.10.4}% 46
\BOOKMARK [2][-]{subsection.10.4.4}{\376\377\000S\000t\000a\000r\000t\000\040\000t\000h\000e\000\040\000s\000t\000a\000c\000k}{section.10.4}% 47
\BOOKMARK [1][-]{section.10.5}{\376\377\000I\000s\000s\000u\000e\000s\000\040\000e\000n\000c\000o\000u\000n\000t\000e\000r\000e\000d\000\040\000a\000n\000d\000\040\000e\000x\000a\000c\000t\000\040\000f\000i\000x\000e\000s}{chapter.10}% 48
\BOOKMARK [2][-]{subsection.10.5.1}{\376\377\000\050\000A\000\051\000\040\000W\000r\000o\000n\000g\000\040\000i\000m\000a\000g\000e\000\040\000/\000\040\000r\000e\000g\000i\000s\000t\000r\000y\000\040\000h\000i\000c\000c\000u\000p}{section.10.5}% 49
\BOOKMARK [2][-]{subsection.10.5.2}{\376\377\000\050\000B\000\051\000\040\000L\000e\000g\000a\000c\000y\000\040\000b\000i\000n\000d\000\040\000m\000o\000u\000n\000t\000\040\000p\000a\000t\000h\000:\000\040\000/\000v\000a\000r\000/\000l\000i\000b\000/\000s\000h\000a\000r\000e\000l\000a\000t\000e\000x}{section.10.5}% 50
\BOOKMARK [2][-]{subsection.10.5.3}{\376\377\000\050\000C\000\051\000\040\000L\000e\000g\000a\000c\000y\000\040\000e\000n\000v\000\040\000v\000a\000r\000\040\000n\000a\000m\000e\000s\000:\000\040\000S\000H\000A\000R\000E\000L\000A\000T\000E\000X\000\137\000*}{section.10.5}% 51
\BOOKMARK [2][-]{subsection.10.5.4}{\376\377\000\050\000D\000\051\000\040\000C\000o\000n\000n\000e\000c\000t\000i\000o\000n\000\040\000r\000e\000s\000e\000t\000\040\000/\000\040\000a\000p\000p\000\040\000c\000r\000a\000s\000h\000\040\000l\000o\000o\000p\000\040\000d\000u\000e\000\040\000t\000o\000\040\000M\000o\000n\000g\000o\000\040\000t\000r\000a\000n\000s\000a\000c\000t\000i\000o\000n\000s}{section.10.5}% 52
\BOOKMARK [2][-]{subsection.10.5.5}{\376\377\000\050\000E\000\051\000\040\000O\000p\000t\000i\000o\000n\000a\000l\000:\000\040\000t\000u\000n\000e\000\040\000k\000e\000r\000n\000e\000l\000\040\000w\000a\000r\000n\000i\000n\000g\000\040\000f\000r\000o\000m\000\040\000R\000e\000d\000i\000s}{section.10.5}% 53
\BOOKMARK [1][-]{section.10.6}{\376\377\000V\000e\000r\000i\000f\000i\000c\000a\000t\000i\000o\000n\000\040\000c\000o\000m\000m\000a\000n\000d\000s\000\040\000w\000e\000\040\000u\000s\000e\000d}{chapter.10}% 54
\BOOKMARK [1][-]{section.10.7}{\376\377\000A\000c\000c\000e\000s\000s\000i\000n\000g\000\040\000t\000h\000e\000\040\000s\000i\000t\000e}{chapter.10}% 55
\BOOKMARK [1][-]{section.10.8}{\376\377\000M\000a\000i\000n\000t\000e\000n\000a\000n\000c\000e\000\040\000c\000h\000e\000a\000t\000s\000h\000e\000e\000t}{chapter.10}% 56
\BOOKMARK [1][-]{section.10.9}{\376\377\000F\000i\000n\000a\000l\000\040\000s\000t\000a\000t\000u\000s}{chapter.10}% 57
\BOOKMARK [1][-]{section.10.10}{\376\377\000C\000r\000e\000a\000t\000i\000n\000g\000\040\000a\000\040\000N\000e\000w\000\040\000U\000s\000e\000r\000\040\000A\000c\000c\000o\000u\000n\000t}{chapter.10}% 58
\BOOKMARK [0][-]{chapter.11}{\376\377\000S\000S\000L\000\040\000R\000e\000s\000e\000a\000r\000c\000h}{}% 59
\BOOKMARK [1][-]{section.11.1}{\376\377\000O\000v\000e\000r\000v\000i\000e\000w}{chapter.11}% 60
\BOOKMARK [1][-]{section.11.2}{\376\377\000A\000r\000c\000h\000i\000t\000e\000c\000t\000u\000r\000e\000\040\000C\000o\000n\000s\000i\000d\000e\000r\000a\000t\000i\000o\000n\000s}{chapter.11}% 61
\BOOKMARK [1][-]{section.11.3}{\376\377\000U\000s\000i\000n\000g\000\040\000t\000h\000e\000\040\000O\000v\000e\000r\000l\000e\000a\000f\000\040\000T\000o\000o\000l\000k\000i\000t\000\040\000w\000i\000t\000h\000\040\000T\000L\000S\000\040\000P\000r\000o\000x\000y\000\040\000M\000o\000d\000e}{chapter.11}% 62
\BOOKMARK [1][-]{section.11.4}{\376\377\000U\000s\000i\000n\000g\000\040\000a\000n\000\040\000E\000x\000t\000e\000r\000n\000a\000l\000\040\000R\000e\000v\000e\000r\000s\000e\000\040\000P\000r\000o\000x\000y}{chapter.11}% 63
\BOOKMARK [2][-]{subsection.11.4.1}{\376\377\000A\000d\000v\000a\000n\000t\000a\000g\000e\000s}{section.11.4}% 64
\BOOKMARK [2][-]{subsection.11.4.2}{\376\377\000E\000x\000a\000m\000p\000l\000e\000\040\000N\000g\000i\000n\000x\000\040\000C\000o\000n\000f\000i\000g\000u\000r\000a\000t\000i\000o\000n}{section.11.4}% 65
\BOOKMARK [1][-]{section.11.5}{\376\377\000U\000s\000i\000n\000g\000\040\000L\000e\000t\040\031\000s\000\040\000E\000n\000c\000r\000y\000p\000t\000\040\000f\000o\000r\000\040\000F\000r\000e\000e\000\040\000S\000S\000L\000\040\000C\000e\000r\000t\000i\000f\000i\000c\000a\000t\000e\000s}{chapter.11}% 66
\BOOKMARK [1][-]{section.11.6}{\376\377\000R\000e\000n\000e\000w\000a\000l\000\040\000a\000n\000d\000\040\000A\000u\000t\000o\000m\000a\000t\000i\000o\000n}{chapter.11}% 67
\BOOKMARK [1][-]{section.11.7}{\376\377\000I\000n\000s\000t\000a\000l\000l\000i\000n\000g\000\040\000C\000e\000r\000t\000i\000f\000i\000c\000a\000t\000e\000s\000\040\000I\000n\000s\000i\000d\000e\000\040\000t\000h\000e\000\040\000C\000o\000n\000t\000a\000i\000n\000e\000r\000\040\000\050\000N\000o\000t\000\040\000R\000e\000c\000o\000m\000m\000e\000n\000d\000e\000d\000\051}{chapter.11}% 68
\BOOKMARK [1][-]{section.11.8}{\376\377\000S\000u\000m\000m\000a\000r\000y\000\040\000a\000n\000d\000\040\000R\000e\000c\000o\000m\000m\000e\000n\000d\000a\000t\000i\000o\000n\000s}{chapter.11}% 69
\BOOKMARK [0][-]{chapter.12}{\376\377\000C\000o\000n\000f\000i\000g\000u\000r\000i\000n\000g\000\040\000O\000v\000e\000r\000l\000e\000a\000f\000\040\000w\000i\000t\000h\000\040\000F\000u\000l\000l\000\040\000L\000a\000T\000e\000X\000\040\000P\000a\000c\000k\000a\000g\000e\000\040\000S\000u\000p\000p\000o\000r\000t}{}% 70
\BOOKMARK [1][-]{section.12.1}{\376\377\000I\000n\000t\000r\000o\000d\000u\000c\000t\000i\000o\000n}{chapter.12}% 71
\BOOKMARK [1][-]{section.12.2}{\376\377\000S\000e\000t\000t\000i\000n\000g\000\040\000U\000p\000\040\000O\000v\000e\000r\000l\000e\000a\000f\000\040\000w\000i\000t\000h\000\040\000D\000o\000c\000k\000e\000r}{chapter.12}% 72
\BOOKMARK [2][-]{subsection.12.2.1}{\376\377\000D\000i\000r\000e\000c\000t\000o\000r\000y\000\040\000S\000t\000r\000u\000c\000t\000u\000r\000e}{section.12.2}% 73
\BOOKMARK [2][-]{subsection.12.2.2}{\376\377\000D\000o\000c\000k\000e\000r\000f\000i\000l\000e}{section.12.2}% 74
\BOOKMARK [2][-]{subsection.12.2.3}{\376\377\000d\000o\000c\000k\000e\000r\000-\000c\000o\000m\000p\000o\000s\000e\000.\000y\000m\000l}{section.12.2}% 75
\BOOKMARK [2][-]{subsection.12.2.4}{\376\377\000E\000n\000a\000b\000l\000i\000n\000g\000\040\000M\000o\000n\000g\000o\000D\000B\000\040\000R\000e\000p\000l\000i\000c\000a\000\040\000S\000e\000t}{section.12.2}% 76
\BOOKMARK [2][-]{subsection.12.2.5}{\376\377\000B\000u\000i\000l\000d\000i\000n\000g\000\040\000a\000n\000d\000\040\000S\000t\000a\000r\000t\000i\000n\000g\000\040\000C\000o\000n\000t\000a\000i\000n\000e\000r\000s}{section.12.2}% 77
\BOOKMARK [2][-]{subsection.12.2.6}{\376\377\000V\000e\000r\000i\000f\000y\000i\000n\000g\000\040\000I\000n\000i\000t\000i\000a\000l\000\040\000P\000a\000c\000k\000a\000g\000e\000\040\000A\000v\000a\000i\000l\000a\000b\000i\000l\000i\000t\000y}{section.12.2}% 78
\BOOKMARK [1][-]{section.12.3}{\376\377\000T\000r\000o\000u\000b\000l\000e\000s\000h\000o\000o\000t\000i\000n\000g\000\040\000M\000i\000s\000s\000i\000n\000g\000\040\000L\000a\000T\000e\000X\000\040\000P\000a\000c\000k\000a\000g\000e\000s}{chapter.12}% 79
\BOOKMARK [2][-]{subsection.12.3.1}{\376\377\000I\000n\000i\000t\000i\000a\000l\000\040\000E\000n\000v\000i\000r\000o\000n\000m\000e\000n\000t\000\040\000C\000o\000n\000f\000i\000g\000u\000r\000a\000t\000i\000o\000n}{section.12.3}% 80
\BOOKMARK [2][-]{subsection.12.3.2}{\376\377\000V\000e\000r\000i\000f\000y\000i\000n\000g\000\040\000C\000o\000n\000t\000a\000i\000n\000e\000r\000\040\000S\000t\000a\000t\000u\000s}{section.12.3}% 81
\BOOKMARK [2][-]{subsection.12.3.3}{\376\377\000S\000e\000q\000u\000e\000n\000t\000i\000a\000l\000\040\000P\000a\000c\000k\000a\000g\000e\000\040\000I\000n\000s\000t\000a\000l\000l\000a\000t\000i\000o\000n}{section.12.3}% 82
\BOOKMARK [2][-]{subsection.12.3.4}{\376\377\000I\000n\000s\000t\000a\000l\000l\000i\000n\000g\000\040\000C\000o\000m\000p\000l\000e\000t\000e\000\040\000P\000a\000c\000k\000a\000g\000e\000\040\000C\000o\000l\000l\000e\000c\000t\000i\000o\000n\000s}{section.12.3}% 83
\BOOKMARK [2][-]{subsection.12.3.5}{\376\377\000C\000o\000m\000p\000i\000l\000e\000r\000\040\000C\000o\000n\000f\000i\000g\000u\000r\000a\000t\000i\000o\000n}{section.12.3}% 84
\BOOKMARK [2][-]{subsection.12.3.6}{\376\377\000D\000o\000c\000u\000m\000e\000n\000t\000-\000L\000e\000v\000e\000l\000\040\000F\000i\000x\000e\000s}{section.12.3}% 85
\BOOKMARK [2][-]{subsection.12.3.7}{\376\377\000P\000e\000r\000s\000i\000s\000t\000e\000n\000c\000e\000\040\000o\000f\000\040\000I\000n\000s\000t\000a\000l\000l\000e\000d\000\040\000P\000a\000c\000k\000a\000g\000e\000s}{section.12.3}% 86
\BOOKMARK [1][-]{section.12.4}{\376\377\000F\000i\000n\000a\000l\000\040\000W\000o\000r\000k\000i\000n\000g\000\040\000C\000o\000n\000f\000i\000g\000u\000r\000a\000t\000i\000o\000n}{chapter.12}% 87
\BOOKMARK [0][-]{chapter.13}{\376\377\000D\000o\000m\000a\000i\000n\000\040\000H\000o\000s\000t\000i\000n\000g}{}% 88
\BOOKMARK [1][-]{section.13.1}{\376\377\000I\000n\000t\000r\000o\000d\000u\000c\000t\000i\000o\000n}{chapter.13}% 89
\BOOKMARK [1][-]{section.13.2}{\376\377\000C\000o\000n\000n\000e\000c\000t\000i\000n\000g\000\040\000O\000v\000e\000r\000l\000e\000a\000f\000\040\000t\000o\000\040\000a\000\040\000C\000u\000s\000t\000o\000m\000\040\000D\000o\000m\000a\000i\000n}{chapter.13}% 90
\BOOKMARK [2][-]{subsection.13.2.1}{\376\377\000O\000v\000e\000r\000v\000i\000e\000w}{section.13.2}% 91
\BOOKMARK [2][-]{subsection.13.2.2}{\376\377\000E\000n\000v\000i\000r\000o\000n\000m\000e\000n\000t\000\040\000S\000e\000t\000u\000p}{section.13.2}% 92
\BOOKMARK [2][-]{subsection.13.2.3}{\376\377\000S\000t\000e\000p\000\040\0001\000:\000\040\000C\000o\000n\000f\000i\000g\000u\000r\000e\000\040\000D\000N\000S\000\040\000R\000e\000c\000o\000r\000d\000s\000\040\000i\000n\000\040\000N\000a\000m\000e\000c\000h\000e\000a\000p}{section.13.2}% 93
\BOOKMARK [2][-]{subsection.13.2.4}{\376\377\000S\000t\000e\000p\000\040\0002\000:\000\040\000V\000e\000r\000i\000f\000y\000\040\000D\000N\000S\000\040\000P\000r\000o\000p\000a\000g\000a\000t\000i\000o\000n}{section.13.2}% 94
\BOOKMARK [2][-]{subsection.13.2.5}{\376\377\000S\000t\000e\000p\000\040\0003\000:\000\040\000C\000o\000n\000f\000i\000g\000u\000r\000e\000\040\000O\000v\000e\000r\000l\000e\000a\000f\000\040\000D\000o\000c\000k\000e\000r\000\040\000E\000n\000v\000i\000r\000o\000n\000m\000e\000n\000t}{section.13.2}% 95
\BOOKMARK [2][-]{subsection.13.2.6}{\376\377\000S\000t\000e\000p\000\040\0004\000:\000\040\000T\000e\000s\000t\000\040\000t\000h\000e\000\040\000C\000o\000n\000n\000e\000c\000t\000i\000o\000n}{section.13.2}% 96
\BOOKMARK [2][-]{subsection.13.2.7}{\376\377\000S\000t\000e\000p\000\040\0005\000:\000\040\000N\000o\000t\000e\000s}{section.13.2}% 97
\BOOKMARK [1][-]{section.13.3}{\376\377\000I\000n\000t\000e\000g\000r\000a\000t\000i\000n\000g\000\040\000D\000o\000m\000a\000i\000n\000\040\000W\000i\000t\000h\000\040\000G\000i\000t\000H\000u\000b}{chapter.13}% 98
\BOOKMARK [2][-]{subsection.13.3.1}{\376\377\000O\000v\000e\000r\000v\000i\000e\000w}{section.13.3}% 99
\BOOKMARK [2][-]{subsection.13.3.2}{\376\377\000E\000n\000v\000i\000r\000o\000n\000m\000e\000n\000t\000\040\000S\000e\000t\000u\000p}{section.13.3}% 100
\BOOKMARK [2][-]{subsection.13.3.3}{\376\377\000S\000t\000e\000p\000\040\0001\000:\000\040\000C\000o\000n\000n\000e\000c\000t\000\040\000t\000o\000\040\000t\000h\000e\000\040\000S\000e\000r\000v\000e\000r}{section.13.3}% 101
\BOOKMARK [2][-]{subsection.13.3.4}{\376\377\000S\000t\000e\000p\000\040\0002\000:\000\040\000G\000e\000n\000e\000r\000a\000t\000e\000\040\000S\000S\000H\000\040\000K\000e\000y\000\040\000o\000n\000\040\000U\000b\000u\000n\000t\000u\000\040\000H\000o\000s\000t}{section.13.3}% 102
\BOOKMARK [2][-]{subsection.13.3.5}{\376\377\000S\000t\000e\000p\000\040\0003\000:\000\040\000C\000l\000o\000n\000e\000\040\000t\000h\000e\000\040\000G\000i\000t\000H\000u\000b\000\040\000R\000e\000p\000o\000s\000i\000t\000o\000r\000y}{section.13.3}% 103
\BOOKMARK [2][-]{subsection.13.3.6}{\376\377\000S\000t\000e\000p\000\040\0004\000:\000\040\000L\000o\000c\000a\000t\000e\000\040\000L\000a\000T\000e\000X\000\040\000S\000o\000u\000r\000c\000e\000\040\000F\000i\000l\000e\000s\000\040\000i\000n\000\040\000O\000v\000e\000r\000l\000e\000a\000f\000\040\000C\000o\000n\000t\000a\000i\000n\000e\000r}{section.13.3}% 104
\BOOKMARK [2][-]{subsection.13.3.7}{\376\377\000S\000t\000e\000p\000\040\0005\000:\000\040\000C\000o\000p\000y\000\040\000F\000i\000l\000e\000s\000\040\000f\000r\000o\000m\000\040\000t\000h\000e\000\040\000C\000o\000n\000t\000a\000i\000n\000e\000r\000\040\000t\000o\000\040\000t\000h\000e\000\040\000H\000o\000s\000t}{section.13.3}% 105
\BOOKMARK [2][-]{subsection.13.3.8}{\376\377\000S\000t\000e\000p\000\040\0006\000:\000\040\000C\000o\000p\000y\000\040\000O\000n\000l\000y\000\040\000S\000o\000u\000r\000c\000e\000\040\000F\000i\000l\000e\000s\000\040\000t\000o\000\040\000t\000h\000e\000\040\000R\000e\000p\000o\000s\000i\000t\000o\000r\000y}{section.13.3}% 106
\BOOKMARK [2][-]{subsection.13.3.9}{\376\377\000S\000t\000e\000p\000\040\0007\000:\000\040\000C\000o\000m\000m\000i\000t\000\040\000a\000n\000d\000\040\000P\000u\000s\000h\000\040\000t\000o\000\040\000G\000i\000t\000H\000u\000b}{section.13.3}% 107
\BOOKMARK [2][-]{subsection.13.3.10}{\376\377\000S\000t\000e\000p\000\040\0008\000:\000\040\000V\000e\000r\000i\000f\000i\000c\000a\000t\000i\000o\000n}{section.13.3}% 108
\BOOKMARK [2][-]{subsection.13.3.11}{\376\377\000N\000o\000t\000e\000s}{section.13.3}% 109
\BOOKMARK [0][-]{chapter.14}{\376\377\000C\000o\000m\000p\000i\000l\000i\000n\000g\000\040\000O\000v\000e\000r\000l\000e\000a\000f}{}% 110
\BOOKMARK [1][-]{section.14.1}{\376\377\000S\000t\000e\000p\000s\000\040\000T\000a\000k\000e\000n}{chapter.14}% 111
\BOOKMARK [0][-]{chapter.15}{\376\377\000L\000a\000T\000e\000X\000\040\000C\000o\000m\000p\000i\000l\000a\000t\000i\000o\000n\000\040\000A\000c\000t\000i\000o\000n\000\040\000\040\040\023\000\040\000J\000u\000s\000t\000i\000n\000\040\000B\000a\000u\000m\000a\000n\000n\000,\000\040\000G\000i\000a\000n\000n\000a\000\040\000C\000e\000r\000b\000o\000n\000e\000,\000\040\000T\000h\000o\000m\000a\000s\000\040\000U\000n\000g\000,\000\040\000S\000p\000u\000r\000t\000h\000i\000\040\000S\000e\000t\000t\000y\000\040\000\040\000\040}{}% 112
\BOOKMARK [1][-]{section.15.1}{\376\377\000O\000v\000e\000r\000v\000i\000e\000w}{chapter.15}% 113
\BOOKMARK [1][-]{section.15.2}{\376\377\000O\000v\000e\000r\000l\000e\000a\000f\040\023\000G\000i\000t\000H\000u\000b\000\040\000I\000n\000t\000e\000g\000r\000a\000t\000i\000o\000n}{chapter.15}% 114
\BOOKMARK [1][-]{section.15.3}{\376\377\000A\000u\000t\000o\000m\000a\000t\000e\000d\000\040\000L\000a\000T\000e\000X\000\040\000C\000o\000m\000p\000i\000l\000a\000t\000i\000o\000n\000\040\000v\000i\000a\000\040\000G\000i\000t\000H\000u\000b\000\040\000A\000c\000t\000i\000o\000n\000s}{chapter.15}% 115
\BOOKMARK [2][-]{subsection.15.3.1}{\376\377\000S\000t\000e\000p\000-\000b\000y\000-\000S\000t\000e\000p\000\040\000W\000o\000r\000k\000f\000l\000o\000w\000\040\000C\000r\000e\000a\000t\000i\000o\000n}{section.15.3}% 116
\BOOKMARK [1][-]{section.15.4}{\376\377\000R\000e\000s\000u\000l\000t\000s}{chapter.15}% 117
\BOOKMARK [1][-]{section.15.5}{\376\377\000B\000o\000n\000u\000s\000:\000\040\000S\000e\000l\000f\000-\000H\000o\000s\000t\000e\000d\000\040\000R\000u\000n\000n\000e\000r\000\040\000i\000n\000\040\000O\000v\000e\000r\000l\000e\000a\000f}{chapter.15}% 118
\BOOKMARK [1][-]{section.15.6}{\376\377\000S\000u\000m\000m\000a\000r\000y}{chapter.15}% 119
\BOOKMARK [0][-]{chapter.16}{\376\377\000P\000r\000o\000m\000e\000t\000h\000e\000u\000s\000\040\000w\000i\000t\000h\000\040\000G\000r\000a\000f\000a\000n\000a}{}% 120
\BOOKMARK [1][-]{section.16.1}{\376\377\000E\000x\000p\000l\000a\000n\000a\000t\000i\000o\000n}{chapter.16}% 121
\BOOKMARK [1][-]{section.16.2}{\376\377\000R\000e\000s\000u\000l\000t\000s}{chapter.16}% 122
\BOOKMARK [0][-]{chapter.17}{\376\377\000J\000e\000n\000k\000i\000n\000s\000\040\000w\000i\000t\000h\000\040\000P\000y\000t\000e\000s\000t\000\040\000\040\040\023\000\040\000J\000u\000s\000t\000i\000n\000\040\000B\000a\000u\000m\000a\000n\000n\000,\000\040\000G\000i\000a\000n\000n\000a\000\040\000C\000e\000r\000b\000o\000n\000e\000,\000\040\000T\000h\000o\000m\000a\000s\000\040\000U\000n\000g\000,\000\040\000S\000p\000u\000r\000t\000h\000i\000\040\000S\000e\000t\000t\000y\000\040\000\040\000\040}{}% 123
\BOOKMARK [1][-]{section.17.1}{\376\377\000J\000e\000n\000k\000i\000n\000s\000\040\000S\000e\000t\000u\000p\000\040}{chapter.17}% 124
\BOOKMARK [0][-]{appendix.A}{\376\377\000A\000p\000p\000e\000n\000d\000i\000x\000\040\000\040\040\023\000\040\000J\000u\000s\000t\000i\000n\000\040\000B\000a\000u\000m\000a\000n\000n\000,\000\040\000G\000i\000a\000n\000n\000a\000\040\000C\000e\000r\000b\000o\000n\000e\000,\000\040\000T\000h\000o\000m\000a\000s\000\040\000U\000n\000g\000,\000\040\000S\000p\000u\000r\000t\000h\000i\000\040\000S\000e\000t\000t\000y\000\040\000\040\000\040}{}% 125
\BOOKMARK [0][-]{appendix*.29}{\376\377\000B\000i\000b\000l\000i\000o\000g\000r\000a\000p\000h\000y}{}% 126
