This is pdfTeX, Version 3.141592653-2.6-1.40.22 (TeX Live 2022/dev/Debian) (preloaded format=pdflatex)
 restricted \write18 enabled.
entering extended mode
(./itManual.tex
LaTeX2e <2021-11-15> patch level 1
L3 programming layer <2022-01-21> (./cornell.cls
Document Class: cornell 1998/03/26 v2.0 Cornell University thesis class
(/usr/share/texlive/texmf-dist/tex/latex/base/report.cls
Document Class: report 2021/10/04 v1.4n Standard LaTeX document class
(/usr/share/texlive/texmf-dist/tex/latex/base/size12.clo)))
(/usr/share/texlive/texmf-dist/tex/latex/base/makeidx.sty)
(/usr/share/texlive/texmf-dist/tex/latex/graphics/color.sty
(/usr/share/texlive/texmf-dist/tex/latex/graphics-cfg/color.cfg)
(/usr/share/texlive/texmf-dist/tex/latex/graphics-def/pdftex.def))
(/usr/share/texlive/texmf-dist/tex/latex/psfrag/psfrag.sty
(/usr/share/texlive/texmf-dist/tex/latex/graphics/graphics.sty
(/usr/share/texlive/texmf-dist/tex/latex/graphics/trig.sty)
(/usr/share/texlive/texmf-dist/tex/latex/graphics-cfg/graphics.cfg)))
(/usr/share/texlive/texmf-dist/tex/latex/tools/verbatim.sty)
(/usr/share/texlive/texmf-dist/tex/latex/fancyhdr/fancyhdr.sty)
(/usr/share/texlive/texmf-dist/tex/latex/fancyvrb/fancyvrb.sty
(/usr/share/texlive/texmf-dist/tex/latex/graphics/keyval.sty))
(/usr/share/texlive/texmf-dist/tex/latex/minted/minted.sty
(/usr/share/texlive/texmf-dist/tex/latex/kvoptions/kvoptions.sty
(/usr/share/texlive/texmf-dist/tex/generic/ltxcmds/ltxcmds.sty)
(/usr/share/texlive/texmf-dist/tex/generic/kvsetkeys/kvsetkeys.sty))
(/usr/share/texlive/texmf-dist/tex/latex/fvextra/fvextra.sty
(/usr/share/texlive/texmf-dist/tex/latex/base/ifthen.sty)
(/usr/share/texlive/texmf-dist/tex/latex/etoolbox/etoolbox.sty)
(/usr/share/texlive/texmf-dist/tex/latex/upquote/upquote.sty)
(/usr/share/texlive/texmf-dist/tex/latex/lineno/lineno.sty))
(/usr/share/texlive/texmf-dist/tex/latex/tools/calc.sty)
(/usr/share/texlive/texmf-dist/tex/latex/tools/shellesc.sty)
(/usr/share/texlive/texmf-dist/tex/latex/ifplatform/ifplatform.sty
(/usr/share/texlive/texmf-dist/tex/generic/pdftexcmds/pdftexcmds.sty
(/usr/share/texlive/texmf-dist/tex/generic/infwarerr/infwarerr.sty)
(/usr/share/texlive/texmf-dist/tex/generic/iftex/iftex.sty))
(/usr/share/texlive/texmf-dist/tex/generic/catchfile/catchfile.sty
(/usr/share/texlive/texmf-dist/tex/generic/etexcmds/etexcmds.sty))
(/usr/share/texlive/texmf-dist/tex/generic/iftex/ifluatex.sty)

Package ifplatform Warning: 
    shell escape is disabled, so I can only detect \ifwindows.

) (/usr/share/texlive/texmf-dist/tex/generic/xstring/xstring.sty
(/usr/share/texlive/texmf-dist/tex/generic/xstring/xstring.tex))
(/usr/share/texlive/texmf-dist/tex/latex/framed/framed.sty)
(/usr/share/texlive/texmf-dist/tex/latex/float/float.sty))

./itManual.tex:22: Package minted Error: You must invoke LaTeX with the -shell-
escape flag.

See the minted package documentation for explanation.
Type  H <return>  for immediate help.
 ...                                              
                                                  
l.22 
     
(/usr/share/texlive/texmf-dist/tex/latex/hyperref/hyperref.sty
(/usr/share/texlive/texmf-dist/tex/generic/kvdefinekeys/kvdefinekeys.sty)
(/usr/share/texlive/texmf-dist/tex/generic/pdfescape/pdfescape.sty)
(/usr/share/texlive/texmf-dist/tex/latex/hycolor/hycolor.sty)
(/usr/share/texlive/texmf-dist/tex/latex/letltxmacro/letltxmacro.sty)
(/usr/share/texlive/texmf-dist/tex/latex/auxhook/auxhook.sty)
(/usr/share/texlive/texmf-dist/tex/latex/hyperref/pd1enc.def)
(/usr/share/texlive/texmf-dist/tex/latex/hyperref/hyperref-langpatches.def)
(/usr/share/texlive/texmf-dist/tex/generic/intcalc/intcalc.sty)
(/usr/share/texlive/texmf-dist/tex/latex/hyperref/puenc.def)

Package hyperref Warning: Option `pagecolor' is not available anymore.

(/usr/share/texlive/texmf-dist/tex/latex/url/url.sty)
(/usr/share/texlive/texmf-dist/tex/generic/bitset/bitset.sty
(/usr/share/texlive/texmf-dist/tex/generic/bigintcalc/bigintcalc.sty))
(/usr/share/texlive/texmf-dist/tex/latex/base/atbegshi-ltx.sty))
(/usr/share/texlive/texmf-dist/tex/latex/hyperref/hpdftex.def
(/usr/share/texlive/texmf-dist/tex/latex/base/atveryend-ltx.sty)
(/usr/share/texlive/texmf-dist/tex/latex/rerunfilecheck/rerunfilecheck.sty
(/usr/share/texlive/texmf-dist/tex/generic/uniquecounter/uniquecounter.sty)))
(/usr/share/texlive/texmf-dist/tex/latex/listings/listings.sty
(/usr/share/texlive/texmf-dist/tex/latex/listings/lstmisc.sty)
(/usr/share/texlive/texmf-dist/tex/latex/listings/listings.cfg))
(/usr/share/texlive/texmf-dist/tex/latex/amsfonts/amsfonts.sty)
(/usr/share/texlive/texmf-dist/tex/latex/amsfonts/amssymb.sty)
(/usr/share/texlive/texmf-dist/tex/latex/tools/tabularx.sty
(/usr/share/texlive/texmf-dist/tex/latex/tools/array.sty))
(/usr/share/texlive/texmf-dist/tex/latex/colortbl/colortbl.sty)
(/usr/share/texlive/texmf-dist/tex/latex/algorithms/algorithm.sty)
(/usr/share/texlive/texmf-dist/tex/latex/algorithms/algorithmic.sty)
(/usr/share/texlive/texmf-dist/tex/latex/blindtext/blindtext.sty
(/usr/share/texlive/texmf-dist/tex/latex/tools/xspace.sty))
(/usr/share/texlive/texmf-dist/tex/latex/tocloft/tocloft.sty)
(/usr/share/texlive/texmf-dist/tex/latex/amsmath/amsmath.sty
For additional information on amsmath, use the `?' option.
(/usr/share/texlive/texmf-dist/tex/latex/amsmath/amstext.sty
(/usr/share/texlive/texmf-dist/tex/latex/amsmath/amsgen.sty))
(/usr/share/texlive/texmf-dist/tex/latex/amsmath/amsbsy.sty)
(/usr/share/texlive/texmf-dist/tex/latex/amsmath/amsopn.sty))
(/usr/share/texlive/texmf-dist/tex/latex/tcolorbox/tcolorbox.sty
(/usr/share/texlive/texmf-dist/tex/latex/pgf/basiclayer/pgf.sty
(/usr/share/texlive/texmf-dist/tex/latex/pgf/utilities/pgfrcs.sty
(/usr/share/texlive/texmf-dist/tex/generic/pgf/utilities/pgfutil-common.tex
(/usr/share/texlive/texmf-dist/tex/generic/pgf/utilities/pgfutil-common-lists.t
ex)) (/usr/share/texlive/texmf-dist/tex/generic/pgf/utilities/pgfutil-latex.def
) (/usr/share/texlive/texmf-dist/tex/generic/pgf/utilities/pgfrcs.code.tex
(/usr/share/texlive/texmf-dist/tex/generic/pgf/pgf.revision.tex)))
(/usr/share/texlive/texmf-dist/tex/latex/pgf/basiclayer/pgfcore.sty
(/usr/share/texlive/texmf-dist/tex/latex/graphics/graphicx.sty)
(/usr/share/texlive/texmf-dist/tex/latex/pgf/systemlayer/pgfsys.sty
(/usr/share/texlive/texmf-dist/tex/generic/pgf/systemlayer/pgfsys.code.tex
(/usr/share/texlive/texmf-dist/tex/generic/pgf/utilities/pgfkeys.code.tex
(/usr/share/texlive/texmf-dist/tex/generic/pgf/utilities/pgfkeysfiltered.code.t
ex)) (/usr/share/texlive/texmf-dist/tex/generic/pgf/systemlayer/pgf.cfg)
(/usr/share/texlive/texmf-dist/tex/generic/pgf/systemlayer/pgfsys-pdftex.def
(/usr/share/texlive/texmf-dist/tex/generic/pgf/systemlayer/pgfsys-common-pdf.de
f)))
(/usr/share/texlive/texmf-dist/tex/generic/pgf/systemlayer/pgfsyssoftpath.code.
tex)
(/usr/share/texlive/texmf-dist/tex/generic/pgf/systemlayer/pgfsysprotocol.code.
tex)) (/usr/share/texlive/texmf-dist/tex/latex/xcolor/xcolor.sty
(/usr/share/texlive/texmf-dist/tex/latex/graphics-cfg/color.cfg))
(/usr/share/texlive/texmf-dist/tex/generic/pgf/basiclayer/pgfcore.code.tex
(/usr/share/texlive/texmf-dist/tex/generic/pgf/math/pgfmath.code.tex
(/usr/share/texlive/texmf-dist/tex/generic/pgf/math/pgfmathcalc.code.tex
(/usr/share/texlive/texmf-dist/tex/generic/pgf/math/pgfmathutil.code.tex)
(/usr/share/texlive/texmf-dist/tex/generic/pgf/math/pgfmathparser.code.tex)
(/usr/share/texlive/texmf-dist/tex/generic/pgf/math/pgfmathfunctions.code.tex
(/usr/share/texlive/texmf-dist/tex/generic/pgf/math/pgfmathfunctions.basic.code
.tex)
(/usr/share/texlive/texmf-dist/tex/generic/pgf/math/pgfmathfunctions.trigonomet
ric.code.tex)
(/usr/share/texlive/texmf-dist/tex/generic/pgf/math/pgfmathfunctions.random.cod
e.tex)
(/usr/share/texlive/texmf-dist/tex/generic/pgf/math/pgfmathfunctions.comparison
.code.tex)
(/usr/share/texlive/texmf-dist/tex/generic/pgf/math/pgfmathfunctions.base.code.
tex)
(/usr/share/texlive/texmf-dist/tex/generic/pgf/math/pgfmathfunctions.round.code
.tex)
(/usr/share/texlive/texmf-dist/tex/generic/pgf/math/pgfmathfunctions.misc.code.
tex)
(/usr/share/texlive/texmf-dist/tex/generic/pgf/math/pgfmathfunctions.integerari
thmetics.code.tex)))
(/usr/share/texlive/texmf-dist/tex/generic/pgf/math/pgfmathfloat.code.tex))
(/usr/share/texlive/texmf-dist/tex/generic/pgf/math/pgfint.code.tex)
(/usr/share/texlive/texmf-dist/tex/generic/pgf/basiclayer/pgfcorepoints.code.te
x)
(/usr/share/texlive/texmf-dist/tex/generic/pgf/basiclayer/pgfcorepathconstruct.
code.tex)
(/usr/share/texlive/texmf-dist/tex/generic/pgf/basiclayer/pgfcorepathusage.code
.tex)
(/usr/share/texlive/texmf-dist/tex/generic/pgf/basiclayer/pgfcorescopes.code.te
x)
(/usr/share/texlive/texmf-dist/tex/generic/pgf/basiclayer/pgfcoregraphicstate.c
ode.tex)
(/usr/share/texlive/texmf-dist/tex/generic/pgf/basiclayer/pgfcoretransformation
s.code.tex)
(/usr/share/texlive/texmf-dist/tex/generic/pgf/basiclayer/pgfcorequick.code.tex
)
(/usr/share/texlive/texmf-dist/tex/generic/pgf/basiclayer/pgfcoreobjects.code.t
ex)
(/usr/share/texlive/texmf-dist/tex/generic/pgf/basiclayer/pgfcorepathprocessing
.code.tex)
(/usr/share/texlive/texmf-dist/tex/generic/pgf/basiclayer/pgfcorearrows.code.te
x)
(/usr/share/texlive/texmf-dist/tex/generic/pgf/basiclayer/pgfcoreshade.code.tex
)
(/usr/share/texlive/texmf-dist/tex/generic/pgf/basiclayer/pgfcoreimage.code.tex

(/usr/share/texlive/texmf-dist/tex/generic/pgf/basiclayer/pgfcoreexternal.code.
tex))
(/usr/share/texlive/texmf-dist/tex/generic/pgf/basiclayer/pgfcorelayers.code.te
x)
(/usr/share/texlive/texmf-dist/tex/generic/pgf/basiclayer/pgfcoretransparency.c
ode.tex)
(/usr/share/texlive/texmf-dist/tex/generic/pgf/basiclayer/pgfcorepatterns.code.
tex)
(/usr/share/texlive/texmf-dist/tex/generic/pgf/basiclayer/pgfcorerdf.code.tex))
)
(/usr/share/texlive/texmf-dist/tex/generic/pgf/modules/pgfmoduleshapes.code.tex
) (/usr/share/texlive/texmf-dist/tex/generic/pgf/modules/pgfmoduleplot.code.tex
)
(/usr/share/texlive/texmf-dist/tex/latex/pgf/compatibility/pgfcomp-version-0-65
.sty)
(/usr/share/texlive/texmf-dist/tex/latex/pgf/compatibility/pgfcomp-version-1-18
.sty)) (/usr/share/texlive/texmf-dist/tex/latex/environ/environ.sty
(/usr/share/texlive/texmf-dist/tex/latex/trimspaces/trimspaces.sty)))
(/usr/share/texlive/texmf-dist/tex/latex/enumitem/enumitem.sty)
(/usr/share/texlive/texmf-dist/tex/latex/tools/longtable.sty)
(/usr/share/texlive/texmf-dist/tex/latex/txfonts/txfonts.sty)
(/usr/share/texlive/texmf-dist/tex/latex/pstool/pstool.sty
(/usr/share/texlive/texmf-dist/tex/generic/iftex/ifpdf.sty)
(/usr/share/texlive/texmf-dist/tex/latex/filemod/filemod.sty
(/usr/share/texlive/texmf-dist/tex/latex/filemod/filemod-expmin.sty))
(/usr/share/texlive/texmf-dist/tex/latex/bigfoot/suffix.sty)
(/usr/share/texlive/texmf-dist/tex/latex/xkeyval/xkeyval.sty
(/usr/share/texlive/texmf-dist/tex/generic/xkeyval/xkeyval.tex
(/usr/share/texlive/texmf-dist/tex/generic/xkeyval/xkvutils.tex)))
(/usr/share/texlive/texmf-dist/tex/latex/l3kernel/expl3.sty
(/usr/share/texlive/texmf-dist/tex/latex/l3backend/l3backend-pdftex.def))

Package pstool Warning: 
  Package option [process=none] activated
  because -shell-escape is not enabled.
This warning occurred on input line 163.

) (/usr/share/texlive/texmf-dist/tex/latex/listings/lstlang1.sty)
(/usr/share/texlive/texmf-dist/tex/latex/listings/lstlang1.sty)
(/usr/share/texlive/texmf-dist/tex/latex/listings/lstmisc.sty)
(/usr/share/texlive/texmf-dist/tex/latex/glossaries/base/glossaries.sty
(/usr/share/texlive/texmf-dist/tex/latex/mfirstuc/mfirstuc.sty)
(/usr/share/texlive/texmf-dist/tex/latex/textcase/textcase.sty)
(/usr/share/texlive/texmf-dist/tex/latex/xfor/xfor.sty)
(/usr/share/texlive/texmf-dist/tex/latex/datatool/datatool-base.sty
(/usr/share/texlive/texmf-dist/tex/latex/substr/substr.sty)
(/usr/share/texlive/texmf-dist/tex/latex/datatool/datatool-fp.sty
(/usr/share/texlive/texmf-dist/tex/latex/fp/fp.sty
`Fixed Point Package', Version 0.8, April 2, 1995 (C) Michael Mehlich
(/usr/share/texlive/texmf-dist/tex/latex/fp/defpattern.sty)
(/usr/share/texlive/texmf-dist/tex/latex/fp/fp-basic.sty)
(/usr/share/texlive/texmf-dist/tex/latex/fp/fp-addons.sty)
(/usr/share/texlive/texmf-dist/tex/latex/fp/fp-snap.sty)
(/usr/share/texlive/texmf-dist/tex/latex/fp/fp-exp.sty)
(/usr/share/texlive/texmf-dist/tex/latex/fp/fp-trigo.sty)
(/usr/share/texlive/texmf-dist/tex/latex/fp/fp-pas.sty)
(/usr/share/texlive/texmf-dist/tex/latex/fp/fp-random.sty)
(/usr/share/texlive/texmf-dist/tex/latex/fp/fp-eqn.sty)
(/usr/share/texlive/texmf-dist/tex/latex/fp/fp-upn.sty)
(/usr/share/texlive/texmf-dist/tex/latex/fp/fp-eval.sty))))
(/usr/share/texlive/texmf-dist/tex/latex/glossaries/base/glossaries-compatible-
307.sty)
(/usr/share/texlive/texmf-dist/tex/latex/glossaries/styles/glossary-hypernav.st
y) (/usr/share/texlive/texmf-dist/tex/latex/glossaries/styles/glossary-list.sty
) (/usr/share/texlive/texmf-dist/tex/latex/glossaries/styles/glossary-long.sty)
 (/usr/share/texlive/texmf-dist/tex/latex/glossaries/styles/glossary-super.sty
(/usr/share/texlive/texmf-dist/tex/latex/supertabular/supertabular.sty))
(/usr/share/texlive/texmf-dist/tex/latex/glossaries/styles/glossary-tree.sty))
(./itGlossary.tex)
Writing index file itManual.idx
(/usr/share/texlive/texmf-dist/tex/latex/base/textcomp.sty)

./itManual.tex:356: Package minted Error: You must have `pygmentize' installed 
to use this package.

See the minted package documentation for explanation.
Type  H <return>  for immediate help.
 ...                                              
                                                  
l.356 \begin{document}
                      
(/usr/share/texlive/texmf-dist/tex/latex/txfonts/ot1txr.fd) (./itManual.aux
(./prologue.aux

LaTeX Warning: Label `Table::UpdateHistory' multiply defined.


LaTeX Warning: Label `Table::UpdateHistory' multiply defined.

) (./itIntroduction.aux) (./itPasswords.aux) (./itHosts.aux) (./KanbanSetup.aux
) (./Hosts.aux) (./LinuxCommands.aux) (./ProjectProposal.aux)
(./AWSDeployment.aux))
(/usr/share/texlive/texmf-dist/tex/latex/txfonts/omltxmi.fd)
(/usr/share/texlive/texmf-dist/tex/latex/txfonts/omstxsy.fd)
(/usr/share/texlive/texmf-dist/tex/latex/txfonts/omxtxex.fd)
(/usr/share/texlive/texmf-dist/tex/latex/txfonts/utxexa.fd)
(/usr/share/texlive/texmf-dist/tex/context/base/mkii/supp-pdf.mkii
[Loading MPS to PDF converter (version 2006.09.02).]
) (/usr/share/texlive/texmf-dist/tex/latex/epstopdf-pkg/epstopdf-base.sty
(/usr/share/texlive/texmf-dist/tex/latex/latexconfig/epstopdf-sys.cfg))
(/usr/share/texlive/texmf-dist/tex/latex/hyperref/nameref.sty
(/usr/share/texlive/texmf-dist/tex/latex/refcount/refcount.sty)
(/usr/share/texlive/texmf-dist/tex/generic/gettitlestring/gettitlestring.sty))
(./itManual.out) (./itManual.out) (./prologue.tex
Title page
Title page
[1
Non-PDF special ignored!
<special> header=psfrag.pro
{/var/lib/texmf/fonts/map/pdftex/updmap/pdftex.map}]
Copyleft page
(/usr/share/texlive/texmf-dist/tex/latex/txfonts/ts1txr.fd) [2]
Abstract
(./abstract.tex

LaTeX Warning: Reference `Chapter:DomainHosting' on page iii undefined on input
 line 15.


LaTeX Warning: Reference `Chapter:DomainHosting' on page iii undefined on input
 line 16.


LaTeX Warning: Reference `Chapter:OverleafConfiguration' on page iii undefined 
on input line 22.


LaTeX Warning: Reference `Chapter:SSLResearch' on page iii undefined on input l
ine 28.


LaTeX Warning: Reference `Chapter::Overleaf' on page iii undefined on input lin
e 41.


LaTeX Warning: Reference `Chapter::Bugzilla' on page iii undefined on input lin
e 48.


LaTeX Warning: Reference `Chapter::LaTeXDocker' on page iii undefined on input 
line 54.

[3] [4]) [5] (./itManual.toc) [6] (./itManual.lot) [7] (./itManual.lof)
[8]) (./itIntroduction.tex
Chapter 1.

Package hyperref Warning: Token not allowed in a PDF string (Unicode):
(hyperref)                removing `\\' on input line 5.

) [1] (./itPasswords.tex
Chapter 2.

Package hyperref Warning: Token not allowed in a PDF string (Unicode):
(hyperref)                removing `\\' on input line 5.


Underfull \hbox (badness 1107) in paragraph at lines 14--14
[]|\OT1/txr/m/n/10.95 SSH/root ac-count on Dig-i-talO-cean. Pass-word fol-lows 
An-
) [2]
No file itHosts.tex.
(./KanbanSetup.tex
Chapter 3.

Package hyperref Warning: Token not allowed in a PDF string (Unicode):
(hyperref)                removing `\\' on input line 5.

) [3] (./Hosts.tex
Chapter 4.

Package hyperref Warning: Token not allowed in a PDF string (Unicode):
(hyperref)                removing `\\' on input line 5.

(/usr/share/texlive/texmf-dist/tex/latex/txfonts/ot1txtt.fd)
Underfull \hbox (badness 1565) in paragraph at lines 16--16
[]|\OT1/txr/m/n/10.95 Root pass-word stored sep-a-rately; SSH keys rec-om-mende
d.
) [4] (./LinuxCommands.tex
Chapter 5.

Package hyperref Warning: Token not allowed in a PDF string (Unicode):
(hyperref)                removing `\\' on input line 5.

[5 <./eps/LinuxBash-eps-converted-to.pdf>]
(/usr/share/texlive/texmf-dist/tex/latex/txfonts/ts1txtt.fd)

Package fancyhdr Warning: \headheight is too small (14.45377pt): 
(fancyhdr)                Make it at least 26.14003pt, for example:
(fancyhdr)                \setlength{\headheight}{26.14003pt}.
(fancyhdr)                You might also make \topmargin smaller to compensate:

(fancyhdr)                \addtolength{\topmargin}{-11.68626pt}.

[6])

Package fancyhdr Warning: \headheight is too small (14.45377pt): 
(fancyhdr)                Make it at least 26.14003pt, for example:
(fancyhdr)                \setlength{\headheight}{26.14003pt}.
(fancyhdr)                You might also make \topmargin smaller to compensate:

(fancyhdr)                \addtolength{\topmargin}{-11.68626pt}.

[7] (./ProjectProposal.tex
Chapter 6.

Package hyperref Warning: Token not allowed in a PDF string (Unicode):
(hyperref)                removing `\\' on input line 5.

) [8] (./AWSDeployment.tex
Chapter 7.

Package hyperref Warning: Token not allowed in a PDF string (Unicode):
(hyperref)                removing `\\' on input line 5.

(./_minted-itManual/default.pygstyle)
(./_minted-itManual/3B2276B3736E0BD7BCAFBDA76DD826D361FE775D20659B054DDAB669258
31BF0.pygtex)
(./_minted-itManual/F6BFF70B761B46BBC5B36B8743717D7061FE775D20659B054DDAB669258
31BF0.pygtex) [9] (/usr/share/texlive/texmf-dist/tex/latex/txfonts/utxsya.fd)
(/usr/share/texlive/texmf-dist/tex/latex/txfonts/utxsyb.fd)
(/usr/share/texlive/texmf-dist/tex/latex/txfonts/utxmia.fd)
(/usr/share/texlive/texmf-dist/tex/latex/txfonts/utxsyc.fd)
(./_minted-itManual/0D59AB1F96B3E03AE3C75CB8E9BB643A61FE775D20659B054DDAB669258
31BF0.pygtex)
(./_minted-itManual/58C27F236FDBAB0D46CDE99635628B6461FE775D20659B054DDAB669258
31BF0.pygtex)

./AWSDeployment.tex:78: Package minted Error: Missing Pygments output; \inputmi
nted was
probably given a file that does not exist--otherwise, you may need 
the outputdir package option, or may be using an incompatible build tool,
or may be using frozencache with a missing file.

See the minted package documentation for explanation.
Type  H <return>  for immediate help.
 ...                                              
                                                  
l.78     \end{minted}
                     

./AWSDeployment.tex:86: Package minted Error: Missing Pygments output; \inputmi
nted was
probably given a file that does not exist--otherwise, you may need 
the outputdir package option, or may be using an incompatible build tool,
or may be using frozencache with a missing file.

See the minted package documentation for explanation.
Type  H <return>  for immediate help.
 ...                                              
                                                  
l.86     \end{minted}
                     

Package fancyhdr Warning: \headheight is too small (14.45377pt): 
(fancyhdr)                Make it at least 26.14003pt, for example:
(fancyhdr)                \setlength{\headheight}{26.14003pt}.
(fancyhdr)                You might also make \topmargin smaller to compensate:

(fancyhdr)                \addtolength{\topmargin}{-11.68626pt}.

[10]

./AWSDeployment.tex:100: Package minted Error: Missing Pygments output; \inputm
inted was
probably given a file that does not exist--otherwise, you may need 
the outputdir package option, or may be using an incompatible build tool,
or may be using frozencache with a missing file.

See the minted package documentation for explanation.
Type  H <return>  for immediate help.
 ...                                              
                                                  
l.100 \end{minted}
                  

./AWSDeployment.tex:108: Package minted Error: Missing Pygments output; \inputm
inted was
probably given a file that does not exist--otherwise, you may need 
the outputdir package option, or may be using an incompatible build tool,
or may be using frozencache with a missing file.

See the minted package documentation for explanation.
Type  H <return>  for immediate help.
 ...                                              
                                                  
l.108     \end{minted}
                      

./AWSDeployment.tex:126: Package minted Error: Missing Pygments output; \inputm
inted was
probably given a file that does not exist--otherwise, you may need 
the outputdir package option, or may be using an incompatible build tool,
or may be using frozencache with a missing file.

See the minted package documentation for explanation.
Type  H <return>  for immediate help.
 ...                                              
                                                  
l.126     \end{minted}
                      

./AWSDeployment.tex:138: Package minted Error: Missing Pygments output; \inputm
inted was
probably given a file that does not exist--otherwise, you may need 
the outputdir package option, or may be using an incompatible build tool,
or may be using frozencache with a missing file.

See the minted package documentation for explanation.
Type  H <return>  for immediate help.
 ...                                              
                                                  
l.138     \end{minted}
                      

./AWSDeployment.tex:144: Package minted Error: Missing Pygments output; \inputm
inted was
probably given a file that does not exist--otherwise, you may need 
the outputdir package option, or may be using an incompatible build tool,
or may be using frozencache with a missing file.

See the minted package documentation for explanation.
Type  H <return>  for immediate help.
 ...                                              
                                                  
l.144     \end{minted}
                      

./AWSDeployment.tex:148: Package minted Error: Missing Pygments output; \inputm
inted was
probably given a file that does not exist--otherwise, you may need 
the outputdir package option, or may be using an incompatible build tool,
or may be using frozencache with a missing file.

See the minted package documentation for explanation.
Type  H <return>  for immediate help.
 ...                                              
                                                  
l.148 \end{minted}
                  

./AWSDeployment.tex:153: Package minted Error: Missing Pygments output; \inputm
inted was
probably given a file that does not exist--otherwise, you may need 
the outputdir package option, or may be using an incompatible build tool,
or may be using frozencache with a missing file.

See the minted package documentation for explanation.
Type  H <return>  for immediate help.
 ...                                              
                                                  
l.153     \end{minted}
                      

./AWSDeployment.tex:158: Package minted Error: Missing Pygments output; \inputm
inted was
probably given a file that does not exist--otherwise, you may need 
the outputdir package option, or may be using an incompatible build tool,
or may be using frozencache with a missing file.

See the minted package documentation for explanation.
Type  H <return>  for immediate help.
 ...                                              
                                                  
l.158     \end{minted}
                      

./AWSDeployment.tex:164: Package minted Error: Missing Pygments output; \inputm
inted was
probably given a file that does not exist--otherwise, you may need 
the outputdir package option, or may be using an incompatible build tool,
or may be using frozencache with a missing file.

See the minted package documentation for explanation.
Type  H <return>  for immediate help.
 ...                                              
                                                  
l.164     \end{minted}
                      

./AWSDeployment.tex:173: Package minted Error: Missing Pygments output; \inputm
inted was
probably given a file that does not exist--otherwise, you may need 
the outputdir package option, or may be using an incompatible build tool,
or may be using frozencache with a missing file.

See the minted package documentation for explanation.
Type  H <return>  for immediate help.
 ...                                              
                                                  
l.173         \end{minted}
                          

./AWSDeployment.tex:184: Package minted Error: Missing Pygments output; \inputm
inted was
probably given a file that does not exist--otherwise, you may need 
the outputdir package option, or may be using an incompatible build tool,
or may be using frozencache with a missing file.

See the minted package documentation for explanation.
Type  H <return>  for immediate help.
 ...                                              
                                                  
l.184 \end{minted}
                  

./AWSDeployment.tex:189: Package minted Error: Missing Pygments output; \inputm
inted was
probably given a file that does not exist--otherwise, you may need 
the outputdir package option, or may be using an incompatible build tool,
or may be using frozencache with a missing file.

See the minted package documentation for explanation.
Type  H <return>  for immediate help.
 ...                                              
                                                  
l.189 \end{minted}
                  

./AWSDeployment.tex:194: Package minted Error: Missing Pygments output; \inputm
inted was
probably given a file that does not exist--otherwise, you may need 
the outputdir package option, or may be using an incompatible build tool,
or may be using frozencache with a missing file.

See the minted package documentation for explanation.
Type  H <return>  for immediate help.
 ...                                              
                                                  
l.194 \end{minted}
                  

./AWSDeployment.tex:206: Package minted Error: Missing Pygments output; \inputm
inted was
probably given a file that does not exist--otherwise, you may need 
the outputdir package option, or may be using an incompatible build tool,
or may be using frozencache with a missing file.

See the minted package documentation for explanation.
Type  H <return>  for immediate help.
 ...                                              
                                                  
l.206 \end{minted}
                  

./AWSDeployment.tex:216: Package minted Error: Missing Pygments output; \inputm
inted was
probably given a file that does not exist--otherwise, you may need 
the outputdir package option, or may be using an incompatible build tool,
or may be using frozencache with a missing file.

See the minted package documentation for explanation.
Type  H <return>  for immediate help.
 ...                                              
                                                  
l.216 \end{minted}
                  

Package fancyhdr Warning: \headheight is too small (14.45377pt): 
(fancyhdr)                Make it at least 26.14003pt, for example:
(fancyhdr)                \setlength{\headheight}{26.14003pt}.
(fancyhdr)                You might also make \topmargin smaller to compensate:

(fancyhdr)                \addtolength{\topmargin}{-11.68626pt}.

[11]

./AWSDeployment.tex:222: Package minted Error: Missing Pygments output; \inputm
inted was
probably given a file that does not exist--otherwise, you may need 
the outputdir package option, or may be using an incompatible build tool,
or may be using frozencache with a missing file.

See the minted package documentation for explanation.
Type  H <return>  for immediate help.
 ...                                              
                                                  
l.222 \end{minted}
                  

./AWSDeployment.tex:262: Package minted Error: Missing Pygments output; \inputm
inted was
probably given a file that does not exist--otherwise, you may need 
the outputdir package option, or may be using an incompatible build tool,
or may be using frozencache with a missing file.

See the minted package documentation for explanation.
Type  H <return>  for immediate help.
 ...                                              
                                                  
l.262 \end{minted}
                  

LaTeX Warning: Reference `fig:uml-colorcontroller' on page 12 undefined on inpu
t line 266.

)

Package fancyhdr Warning: \headheight is too small (14.45377pt): 
(fancyhdr)                Make it at least 26.14003pt, for example:
(fancyhdr)                \setlength{\headheight}{26.14003pt}.
(fancyhdr)                You might also make \topmargin smaller to compensate:

(fancyhdr)                \addtolength{\topmargin}{-11.68626pt}.

[12 <./eps/ColorControllerUML-eps-converted-to.pdf>] (./LaTeXDocker.tex
Chapter 8.

Package hyperref Warning: Token not allowed in a PDF string (Unicode):
(hyperref)                removing `\\' on input line 5.


./LaTeXDocker.tex:20: Package minted Error: Missing Pygments output; \inputmint
ed was
probably given a file that does not exist--otherwise, you may need 
the outputdir package option, or may be using an incompatible build tool,
or may be using frozencache with a missing file.

See the minted package documentation for explanation.
Type  H <return>  for immediate help.
 ...                                              
                                                  
l.20 \end{minted}
                 

./LaTeXDocker.tex:29: Package minted Error: Missing Pygments output; \inputmint
ed was
probably given a file that does not exist--otherwise, you may need 
the outputdir package option, or may be using an incompatible build tool,
or may be using frozencache with a missing file.

See the minted package documentation for explanation.
Type  H <return>  for immediate help.
 ...                                              
                                                  
l.29 \end{minted}
                 
) [13] (./itBugzilla.tex
Chapter 9.

Package hyperref Warning: Token not allowed in a PDF string (Unicode):
(hyperref)                removing `\\' on input line 5.


./itBugzilla.tex:29: Package minted Error: Missing Pygments output; \inputminte
d was
probably given a file that does not exist--otherwise, you may need 
the outputdir package option, or may be using an incompatible build tool,
or may be using frozencache with a missing file.

See the minted package documentation for explanation.
Type  H <return>  for immediate help.
 ...                                              
                                                  
l.29     \end{minted}
                     

./itBugzilla.tex:36: Package minted Error: Missing Pygments output; \inputminte
d was
probably given a file that does not exist--otherwise, you may need 
the outputdir package option, or may be using an incompatible build tool,
or may be using frozencache with a missing file.

See the minted package documentation for explanation.
Type  H <return>  for immediate help.
 ...                                              
                                                  
l.36     \end{minted}
                     

./itBugzilla.tex:47: Package minted Error: Missing Pygments output; \inputminte
d was
probably given a file that does not exist--otherwise, you may need 
the outputdir package option, or may be using an incompatible build tool,
or may be using frozencache with a missing file.

See the minted package documentation for explanation.
Type  H <return>  for immediate help.
 ...                                              
                                                  
l.47     \end{minted}
                     

./itBugzilla.tex:78: Package minted Error: Missing Pygments output; \inputminte
d was
probably given a file that does not exist--otherwise, you may need 
the outputdir package option, or may be using an incompatible build tool,
or may be using frozencache with a missing file.

See the minted package documentation for explanation.
Type  H <return>  for immediate help.
 ...                                              
                                                  
l.78     \end{minted}
                     

./itBugzilla.tex:85: Package minted Error: Missing Pygments output; \inputminte
d was
probably given a file that does not exist--otherwise, you may need 
the outputdir package option, or may be using an incompatible build tool,
or may be using frozencache with a missing file.

See the minted package documentation for explanation.
Type  H <return>  for immediate help.
 ...                                              
                                                  
l.85     \end{minted}
                     

./itBugzilla.tex:97: Package minted Error: Missing Pygments output; \inputminte
d was
probably given a file that does not exist--otherwise, you may need 
the outputdir package option, or may be using an incompatible build tool,
or may be using frozencache with a missing file.

See the minted package documentation for explanation.
Type  H <return>  for immediate help.
 ...                                              
                                                  
l.97     \end{minted}
                     

./itBugzilla.tex:105: Package minted Error: Missing Pygments output; \inputmint
ed was
probably given a file that does not exist--otherwise, you may need 
the outputdir package option, or may be using an incompatible build tool,
or may be using frozencache with a missing file.

See the minted package documentation for explanation.
Type  H <return>  for immediate help.
 ...                                              
                                                  
l.105     \end{minted}
                      

./itBugzilla.tex:121: Package minted Error: Missing Pygments output; \inputmint
ed was
probably given a file that does not exist--otherwise, you may need 
the outputdir package option, or may be using an incompatible build tool,
or may be using frozencache with a missing file.

See the minted package documentation for explanation.
Type  H <return>  for immediate help.
 ...                                              
                                                  
l.121     \end{minted}
                      

./itBugzilla.tex:127: Package minted Error: Missing Pygments output; \inputmint
ed was
probably given a file that does not exist--otherwise, you may need 
the outputdir package option, or may be using an incompatible build tool,
or may be using frozencache with a missing file.

See the minted package documentation for explanation.
Type  H <return>  for immediate help.
 ...                                              
                                                  
l.127     \end{minted}
                      

./itBugzilla.tex:140: Package minted Error: Missing Pygments output; \inputmint
ed was
probably given a file that does not exist--otherwise, you may need 
the outputdir package option, or may be using an incompatible build tool,
or may be using frozencache with a missing file.

See the minted package documentation for explanation.
Type  H <return>  for immediate help.
 ...                                              
                                                  
l.140     \end{minted}
                      
[14]

./itBugzilla.tex:159: Package minted Error: Missing Pygments output; \inputmint
ed was
probably given a file that does not exist--otherwise, you may need 
the outputdir package option, or may be using an incompatible build tool,
or may be using frozencache with a missing file.

See the minted package documentation for explanation.
Type  H <return>  for immediate help.
 ...                                              
                                                  
l.159     \end{minted}
                      

./itBugzilla.tex:166: Package minted Error: Missing Pygments output; \inputmint
ed was
probably given a file that does not exist--otherwise, you may need 
the outputdir package option, or may be using an incompatible build tool,
or may be using frozencache with a missing file.

See the minted package documentation for explanation.
Type  H <return>  for immediate help.
 ...                                              
                                                  
l.166     \end{minted}
                      

./itBugzilla.tex:176: Package minted Error: Missing Pygments output; \inputmint
ed was
probably given a file that does not exist--otherwise, you may need 
the outputdir package option, or may be using an incompatible build tool,
or may be using frozencache with a missing file.

See the minted package documentation for explanation.
Type  H <return>  for immediate help.
 ...                                              
                                                  
l.176     \end{minted}
                      

./itBugzilla.tex:184: Package minted Error: Missing Pygments output; \inputmint
ed was
probably given a file that does not exist--otherwise, you may need 
the outputdir package option, or may be using an incompatible build tool,
or may be using frozencache with a missing file.

See the minted package documentation for explanation.
Type  H <return>  for immediate help.
 ...                                              
                                                  
l.184     \end{minted}
                      

./itBugzilla.tex:190: Package minted Error: Missing Pygments output; \inputmint
ed was
probably given a file that does not exist--otherwise, you may need 
the outputdir package option, or may be using an incompatible build tool,
or may be using frozencache with a missing file.

See the minted package documentation for explanation.
Type  H <return>  for immediate help.
 ...                                              
                                                  
l.190     \end{minted}
                      

./itBugzilla.tex:213: Package minted Error: Missing Pygments output; \inputmint
ed was
probably given a file that does not exist--otherwise, you may need 
the outputdir package option, or may be using an incompatible build tool,
or may be using frozencache with a missing file.

See the minted package documentation for explanation.
Type  H <return>  for immediate help.
 ...                                              
                                                  
l.213     \end{minted}
                      

./itBugzilla.tex:219: Package minted Error: Missing Pygments output; \inputmint
ed was
probably given a file that does not exist--otherwise, you may need 
the outputdir package option, or may be using an incompatible build tool,
or may be using frozencache with a missing file.

See the minted package documentation for explanation.
Type  H <return>  for immediate help.
 ...                                              
                                                  
l.219     \end{minted}
                      
)

Package fancyhdr Warning: \headheight is too small (14.45377pt): 
(fancyhdr)                Make it at least 26.14003pt, for example:
(fancyhdr)                \setlength{\headheight}{26.14003pt}.
(fancyhdr)                You might also make \topmargin smaller to compensate:

(fancyhdr)                \addtolength{\topmargin}{-11.68626pt}.

[15]

Package fancyhdr Warning: \headheight is too small (14.45377pt): 
(fancyhdr)                Make it at least 26.14003pt, for example:
(fancyhdr)                \setlength{\headheight}{26.14003pt}.
(fancyhdr)                You might also make \topmargin smaller to compensate:

(fancyhdr)                \addtolength{\topmargin}{-11.68626pt}.

[16 <./png/bugzilla.png>] (./itOverleaf.tex
Chapter 10.

Package hyperref Warning: Token not allowed in a PDF string (Unicode):
(hyperref)                removing `\\' on input line 5.


./itOverleaf.tex:14: Package minted Error: Missing Pygments output; \inputminte
d was
probably given a file that does not exist--otherwise, you may need 
the outputdir package option, or may be using an incompatible build tool,
or may be using frozencache with a missing file.

See the minted package documentation for explanation.
Type  H <return>  for immediate help.
 ...                                              
                                                  
l.14 \end{minted}
                 

./itOverleaf.tex:37: Package minted Error: Missing Pygments output; \inputminte
d was
probably given a file that does not exist--otherwise, you may need 
the outputdir package option, or may be using an incompatible build tool,
or may be using frozencache with a missing file.

See the minted package documentation for explanation.
Type  H <return>  for immediate help.
 ...                                              
                                                  
l.37 \end{minted}
                 

./itOverleaf.tex:44: Package minted Error: Missing Pygments output; \inputminte
d was
probably given a file that does not exist--otherwise, you may need 
the outputdir package option, or may be using an incompatible build tool,
or may be using frozencache with a missing file.

See the minted package documentation for explanation.
Type  H <return>  for immediate help.
 ...                                              
                                                  
l.44 \end{minted}
                 

./itOverleaf.tex:52: Package minted Error: Missing Pygments output; \inputminte
d was
probably given a file that does not exist--otherwise, you may need 
the outputdir package option, or may be using an incompatible build tool,
or may be using frozencache with a missing file.

See the minted package documentation for explanation.
Type  H <return>  for immediate help.
 ...                                              
                                                  
l.52 \end{minted}
                 

./itOverleaf.tex:91: Package minted Error: Missing Pygments output; \inputminte
d was
probably given a file that does not exist--otherwise, you may need 
the outputdir package option, or may be using an incompatible build tool,
or may be using frozencache with a missing file.

See the minted package documentation for explanation.
Type  H <return>  for immediate help.
 ...                                              
                                                  
l.91 \end{minted}
                 

Overfull \hbox (1.8264pt too wide) in paragraph at lines 55--92
\OT1/txr/m/n/10.95 We used \OT1/txtt/m/n/10.95 sharelatex/sharelatex \OT1/txr/m
/n/10.95 (the Over-leaf CE im-age) with Mon-goDB and Re-dis. Note the \OT1/txr/
bx/n/10.95 Overleaf-

./itOverleaf.tex:99: Package minted Error: Missing Pygments output; \inputminte
d was
probably given a file that does not exist--otherwise, you may need 
the outputdir package option, or may be using an incompatible build tool,
or may be using frozencache with a missing file.

See the minted package documentation for explanation.
Type  H <return>  for immediate help.
 ...                                              
                                                  
l.99 \end{minted}
                 

./itOverleaf.tex:110: Package minted Error: Missing Pygments output; \inputmint
ed was
probably given a file that does not exist--otherwise, you may need 
the outputdir package option, or may be using an incompatible build tool,
or may be using frozencache with a missing file.

See the minted package documentation for explanation.
Type  H <return>  for immediate help.
 ...                                              
                                                  
l.110 \end{minted}
                  
[17]

./itOverleaf.tex:117: Package minted Error: Missing Pygments output; \inputmint
ed was
probably given a file that does not exist--otherwise, you may need 
the outputdir package option, or may be using an incompatible build tool,
or may be using frozencache with a missing file.

See the minted package documentation for explanation.
Type  H <return>  for immediate help.
 ...                                              
                                                  
l.117 \end{minted}
                  

./itOverleaf.tex:129: Package minted Error: Missing Pygments output; \inputmint
ed was
probably given a file that does not exist--otherwise, you may need 
the outputdir package option, or may be using an incompatible build tool,
or may be using frozencache with a missing file.

See the minted package documentation for explanation.
Type  H <return>  for immediate help.
 ...                                              
                                                  
l.129 \end{minted}
                  

Overfull \hbox (79.88971pt too wide) in paragraph at lines 120--130
\OT1/txr/m/it/10.95 Symptom: \OT1/txtt/m/n/10.95 000[]check[]for[]old[]env[]var
s[]5.sh \OT1/txr/m/n/10.95 re-fuses startup, list-ing \OT1/txtt/m/n/10.95 SHARE
LATEX[]MONGO[]URL\OT1/txr/m/n/10.95 , \OT1/txtt/m/n/10.95 SHARELATEX[]REDIS[]HO
ST\OT1/txr/m/n/10.95 ,

./itOverleaf.tex:146: Package minted Error: Missing Pygments output; \inputmint
ed was
probably given a file that does not exist--otherwise, you may need 
the outputdir package option, or may be using an incompatible build tool,
or may be using frozencache with a missing file.

See the minted package documentation for explanation.
Type  H <return>  for immediate help.
 ...                                              
                                                  
l.146 \end{minted}
                  

./itOverleaf.tex:152: Package minted Error: Missing Pygments output; \inputmint
ed was
probably given a file that does not exist--otherwise, you may need 
the outputdir package option, or may be using an incompatible build tool,
or may be using frozencache with a missing file.

See the minted package documentation for explanation.
Type  H <return>  for immediate help.
 ...                                              
                                                  
l.152 \end{minted}
                  

./itOverleaf.tex:161: Package minted Error: Missing Pygments output; \inputmint
ed was
probably given a file that does not exist--otherwise, you may need 
the outputdir package option, or may be using an incompatible build tool,
or may be using frozencache with a missing file.

See the minted package documentation for explanation.
Type  H <return>  for immediate help.
 ...                                              
                                                  
l.161 \end{minted}
                  

./itOverleaf.tex:168: Package minted Error: Missing Pygments output; \inputmint
ed was
probably given a file that does not exist--otherwise, you may need 
the outputdir package option, or may be using an incompatible build tool,
or may be using frozencache with a missing file.

See the minted package documentation for explanation.
Type  H <return>  for immediate help.
 ...                                              
                                                  
l.168 \end{minted}
                  

./itOverleaf.tex:175: Package minted Error: Missing Pygments output; \inputmint
ed was
probably given a file that does not exist--otherwise, you may need 
the outputdir package option, or may be using an incompatible build tool,
or may be using frozencache with a missing file.

See the minted package documentation for explanation.
Type  H <return>  for immediate help.
 ...                                              
                                                  
l.175 \end{minted}
                  

./itOverleaf.tex:192: Package minted Error: Missing Pygments output; \inputmint
ed was
probably given a file that does not exist--otherwise, you may need 
the outputdir package option, or may be using an incompatible build tool,
or may be using frozencache with a missing file.

See the minted package documentation for explanation.
Type  H <return>  for immediate help.
 ...                                              
                                                  
l.192 \end{minted}
                  

./itOverleaf.tex:220: Package minted Error: Missing Pygments output; \inputmint
ed was
probably given a file that does not exist--otherwise, you may need 
the outputdir package option, or may be using an incompatible build tool,
or may be using frozencache with a missing file.

See the minted package documentation for explanation.
Type  H <return>  for immediate help.
 ...                                              
                                                  
l.220 \end{minted}
                  

Package fancyhdr Warning: \headheight is too small (14.45377pt): 
(fancyhdr)                Make it at least 26.14003pt, for example:
(fancyhdr)                \setlength{\headheight}{26.14003pt}.
(fancyhdr)                You might also make \topmargin smaller to compensate:

(fancyhdr)                \addtolength{\topmargin}{-11.68626pt}.

[18]

Package fancyhdr Warning: \headheight is too small (14.45377pt): 
(fancyhdr)                Make it at least 26.14003pt, for example:
(fancyhdr)                \setlength{\headheight}{26.14003pt}.
(fancyhdr)                You might also make \topmargin smaller to compensate:

(fancyhdr)                \addtolength{\topmargin}{-11.68626pt}.

[19 <./png/overleaf.png>])

Package fancyhdr Warning: \headheight is too small (14.45377pt): 
(fancyhdr)                Make it at least 26.14003pt, for example:
(fancyhdr)                \setlength{\headheight}{26.14003pt}.
(fancyhdr)                You might also make \topmargin smaller to compensate:

(fancyhdr)                \addtolength{\topmargin}{-11.68626pt}.

[20] (./SSLResearch.tex
Chapter 11.
[21]

Package fancyhdr Warning: \headheight is too small (14.45377pt): 
(fancyhdr)                Make it at least 14.49998pt, for example:
(fancyhdr)                \setlength{\headheight}{14.49998pt}.
(fancyhdr)                You might also make \topmargin smaller to compensate:

(fancyhdr)                \addtolength{\topmargin}{-0.04622pt}.

[22]

Package fancyhdr Warning: \headheight is too small (14.45377pt): 
(fancyhdr)                Make it at least 14.49998pt, for example:
(fancyhdr)                \setlength{\headheight}{14.49998pt}.
(fancyhdr)                You might also make \topmargin smaller to compensate:

(fancyhdr)                \addtolength{\topmargin}{-0.04622pt}.

[23])

Package fancyhdr Warning: \headheight is too small (14.45377pt): 
(fancyhdr)                Make it at least 14.49998pt, for example:
(fancyhdr)                \setlength{\headheight}{14.49998pt}.
(fancyhdr)                You might also make \topmargin smaller to compensate:

(fancyhdr)                \addtolength{\topmargin}{-0.04622pt}.

[24] (./itOverleaf_Configuration.tex
Chapter 12.

./itOverleaf_Configuration.tex:21: Package minted Error: Missing Pygments outpu
t; \inputminted was
probably given a file that does not exist--otherwise, you may need 
the outputdir package option, or may be using an incompatible build tool,
or may be using frozencache with a missing file.

See the minted package documentation for explanation.
Type  H <return>  for immediate help.
 ...                                              
                                                  
l.21 \end{minted}
                 

./itOverleaf_Configuration.tex:53: Package minted Error: Missing Pygments outpu
t; \inputminted was
probably given a file that does not exist--otherwise, you may need 
the outputdir package option, or may be using an incompatible build tool,
or may be using frozencache with a missing file.

See the minted package documentation for explanation.
Type  H <return>  for immediate help.
 ...                                              
                                                  
l.53 \end{minted}
                 

./itOverleaf_Configuration.tex:94: Package minted Error: Missing Pygments outpu
t; \inputminted was
probably given a file that does not exist--otherwise, you may need 
the outputdir package option, or may be using an incompatible build tool,
or may be using frozencache with a missing file.

See the minted package documentation for explanation.
Type  H <return>  for immediate help.
 ...                                              
                                                  
l.94 \end{minted}
                 

./itOverleaf_Configuration.tex:103: Package minted Error: Missing Pygments outp
ut; \inputminted was
probably given a file that does not exist--otherwise, you may need 
the outputdir package option, or may be using an incompatible build tool,
or may be using frozencache with a missing file.

See the minted package documentation for explanation.
Type  H <return>  for immediate help.
 ...                                              
                                                  
l.103 \end{minted}
                  
[25]

./itOverleaf_Configuration.tex:112: Package minted Error: Missing Pygments outp
ut; \inputminted was
probably given a file that does not exist--otherwise, you may need 
the outputdir package option, or may be using an incompatible build tool,
or may be using frozencache with a missing file.

See the minted package documentation for explanation.
Type  H <return>  for immediate help.
 ...                                              
                                                  
l.112 \end{minted}
                  

./itOverleaf_Configuration.tex:118: Package minted Error: Missing Pygments outp
ut; \inputminted was
probably given a file that does not exist--otherwise, you may need 
the outputdir package option, or may be using an incompatible build tool,
or may be using frozencache with a missing file.

See the minted package documentation for explanation.
Type  H <return>  for immediate help.
 ...                                              
                                                  
l.118 \end{minted}
                  

./itOverleaf_Configuration.tex:128: Package minted Error: Missing Pygments outp
ut; \inputminted was
probably given a file that does not exist--otherwise, you may need 
the outputdir package option, or may be using an incompatible build tool,
or may be using frozencache with a missing file.

See the minted package documentation for explanation.
Type  H <return>  for immediate help.
 ...                                              
                                                  
l.128 \end{minted}
                  

./itOverleaf_Configuration.tex:134: Package minted Error: Missing Pygments outp
ut; \inputminted was
probably given a file that does not exist--otherwise, you may need 
the outputdir package option, or may be using an incompatible build tool,
or may be using frozencache with a missing file.

See the minted package documentation for explanation.
Type  H <return>  for immediate help.
 ...                                              
                                                  
l.134 \end{minted}
                  

./itOverleaf_Configuration.tex:158: Package minted Error: Missing Pygments outp
ut; \inputminted was
probably given a file that does not exist--otherwise, you may need 
the outputdir package option, or may be using an incompatible build tool,
or may be using frozencache with a missing file.

See the minted package documentation for explanation.
Type  H <return>  for immediate help.
 ...                                              
                                                  
l.158 \end{minted}
                  

./itOverleaf_Configuration.tex:167: Package minted Error: Missing Pygments outp
ut; \inputminted was
probably given a file that does not exist--otherwise, you may need 
the outputdir package option, or may be using an incompatible build tool,
or may be using frozencache with a missing file.

See the minted package documentation for explanation.
Type  H <return>  for immediate help.
 ...                                              
                                                  
l.167 \end{minted}
                  

./itOverleaf_Configuration.tex:183: Package minted Error: Missing Pygments outp
ut; \inputminted was
probably given a file that does not exist--otherwise, you may need 
the outputdir package option, or may be using an incompatible build tool,
or may be using frozencache with a missing file.

See the minted package documentation for explanation.
Type  H <return>  for immediate help.
 ...                                              
                                                  
l.183 \end{minted}
                  

./itOverleaf_Configuration.tex:189: Package minted Error: Missing Pygments outp
ut; \inputminted was
probably given a file that does not exist--otherwise, you may need 
the outputdir package option, or may be using an incompatible build tool,
or may be using frozencache with a missing file.

See the minted package documentation for explanation.
Type  H <return>  for immediate help.
 ...                                              
                                                  
l.189 \end{minted}
                  

./itOverleaf_Configuration.tex:195: Package minted Error: Missing Pygments outp
ut; \inputminted was
probably given a file that does not exist--otherwise, you may need 
the outputdir package option, or may be using an incompatible build tool,
or may be using frozencache with a missing file.

See the minted package documentation for explanation.
Type  H <return>  for immediate help.
 ...                                              
                                                  
l.195 \end{minted}
                  

./itOverleaf_Configuration.tex:201: Package minted Error: Missing Pygments outp
ut; \inputminted was
probably given a file that does not exist--otherwise, you may need 
the outputdir package option, or may be using an incompatible build tool,
or may be using frozencache with a missing file.

See the minted package documentation for explanation.
Type  H <return>  for immediate help.
 ...                                              
                                                  
l.201 \end{minted}
                  

Package fancyhdr Warning: \headheight is too small (14.45377pt): 
(fancyhdr)                Make it at least 14.49998pt, for example:
(fancyhdr)                \setlength{\headheight}{14.49998pt}.
(fancyhdr)                You might also make \topmargin smaller to compensate:

(fancyhdr)                \addtolength{\topmargin}{-0.04622pt}.

[26]

./itOverleaf_Configuration.tex:209: Package minted Error: Missing Pygments outp
ut; \inputminted was
probably given a file that does not exist--otherwise, you may need 
the outputdir package option, or may be using an incompatible build tool,
or may be using frozencache with a missing file.

See the minted package documentation for explanation.
Type  H <return>  for immediate help.
 ...                                              
                                                  
l.209 \end{minted}
                  

./itOverleaf_Configuration.tex:217: Package minted Error: Missing Pygments outp
ut; \inputminted was
probably given a file that does not exist--otherwise, you may need 
the outputdir package option, or may be using an incompatible build tool,
or may be using frozencache with a missing file.

See the minted package documentation for explanation.
Type  H <return>  for immediate help.
 ...                                              
                                                  
l.217 \end{minted}
                  

./itOverleaf_Configuration.tex:224: Package minted Error: Missing Pygments outp
ut; \inputminted was
probably given a file that does not exist--otherwise, you may need 
the outputdir package option, or may be using an incompatible build tool,
or may be using frozencache with a missing file.

See the minted package documentation for explanation.
Type  H <return>  for immediate help.
 ...                                              
                                                  
l.224 \end{minted}
                  

./itOverleaf_Configuration.tex:235: Package minted Error: Missing Pygments outp
ut; \inputminted was
probably given a file that does not exist--otherwise, you may need 
the outputdir package option, or may be using an incompatible build tool,
or may be using frozencache with a missing file.

See the minted package documentation for explanation.
Type  H <return>  for immediate help.
 ...                                              
                                                  
l.235 \end{minted}
                  

./itOverleaf_Configuration.tex:242: Package minted Error: Missing Pygments outp
ut; \inputminted was
probably given a file that does not exist--otherwise, you may need 
the outputdir package option, or may be using an incompatible build tool,
or may be using frozencache with a missing file.

See the minted package documentation for explanation.
Type  H <return>  for immediate help.
 ...                                              
                                                  
l.242 \end{minted}
                  

./itOverleaf_Configuration.tex:250: Package minted Error: Missing Pygments outp
ut; \inputminted was
probably given a file that does not exist--otherwise, you may need 
the outputdir package option, or may be using an incompatible build tool,
or may be using frozencache with a missing file.

See the minted package documentation for explanation.
Type  H <return>  for immediate help.
 ...                                              
                                                  
l.250 \end{minted}
                  

./itOverleaf_Configuration.tex:258: Package minted Error: Missing Pygments outp
ut; \inputminted was
probably given a file that does not exist--otherwise, you may need 
the outputdir package option, or may be using an incompatible build tool,
or may be using frozencache with a missing file.

See the minted package documentation for explanation.
Type  H <return>  for immediate help.
 ...                                              
                                                  
l.258 \end{minted}
                  

./itOverleaf_Configuration.tex:267: Package minted Error: Missing Pygments outp
ut; \inputminted was
probably given a file that does not exist--otherwise, you may need 
the outputdir package option, or may be using an incompatible build tool,
or may be using frozencache with a missing file.

See the minted package documentation for explanation.
Type  H <return>  for immediate help.
 ...                                              
                                                  
l.267 \end{minted}
                  

./itOverleaf_Configuration.tex:274: Package minted Error: Missing Pygments outp
ut; \inputminted was
probably given a file that does not exist--otherwise, you may need 
the outputdir package option, or may be using an incompatible build tool,
or may be using frozencache with a missing file.

See the minted package documentation for explanation.
Type  H <return>  for immediate help.
 ...                                              
                                                  
l.274 \end{minted}
                  

./itOverleaf_Configuration.tex:280: Package minted Error: Missing Pygments outp
ut; \inputminted was
probably given a file that does not exist--otherwise, you may need 
the outputdir package option, or may be using an incompatible build tool,
or may be using frozencache with a missing file.

See the minted package documentation for explanation.
Type  H <return>  for immediate help.
 ...                                              
                                                  
l.280 \end{minted}
                  

./itOverleaf_Configuration.tex:287: Package minted Error: Missing Pygments outp
ut; \inputminted was
probably given a file that does not exist--otherwise, you may need 
the outputdir package option, or may be using an incompatible build tool,
or may be using frozencache with a missing file.

See the minted package documentation for explanation.
Type  H <return>  for immediate help.
 ...                                              
                                                  
l.287 \end{minted}
                  

./itOverleaf_Configuration.tex:297: Package minted Error: Missing Pygments outp
ut; \inputminted was
probably given a file that does not exist--otherwise, you may need 
the outputdir package option, or may be using an incompatible build tool,
or may be using frozencache with a missing file.

See the minted package documentation for explanation.
Type  H <return>  for immediate help.
 ...                                              
                                                  
l.297 \end{minted}
                  

./itOverleaf_Configuration.tex:315: Package minted Error: Missing Pygments outp
ut; \inputminted was
probably given a file that does not exist--otherwise, you may need 
the outputdir package option, or may be using an incompatible build tool,
or may be using frozencache with a missing file.

See the minted package documentation for explanation.
Type  H <return>  for immediate help.
 ...                                              
                                                  
l.315 \end{minted}
                  

Package fancyhdr Warning: \headheight is too small (14.45377pt): 
(fancyhdr)                Make it at least 14.49998pt, for example:
(fancyhdr)                \setlength{\headheight}{14.49998pt}.
(fancyhdr)                You might also make \topmargin smaller to compensate:

(fancyhdr)                \addtolength{\topmargin}{-0.04622pt}.

[27]

./itOverleaf_Configuration.tex:324: Package minted Error: Missing Pygments outp
ut; \inputminted was
probably given a file that does not exist--otherwise, you may need 
the outputdir package option, or may be using an incompatible build tool,
or may be using frozencache with a missing file.

See the minted package documentation for explanation.
Type  H <return>  for immediate help.
 ...                                              
                                                  
l.324 \end{minted}
                  

./itOverleaf_Configuration.tex:346: Package minted Error: Missing Pygments outp
ut; \inputminted was
probably given a file that does not exist--otherwise, you may need 
the outputdir package option, or may be using an incompatible build tool,
or may be using frozencache with a missing file.

See the minted package documentation for explanation.
Type  H <return>  for immediate help.
 ...                                              
                                                  
l.346 \end{minted}
                  

./itOverleaf_Configuration.tex:353: Package minted Error: Missing Pygments outp
ut; \inputminted was
probably given a file that does not exist--otherwise, you may need 
the outputdir package option, or may be using an incompatible build tool,
or may be using frozencache with a missing file.

See the minted package documentation for explanation.
Type  H <return>  for immediate help.
 ...                                              
                                                  
l.353 \end{minted}
                  

./itOverleaf_Configuration.tex:369: Package minted Error: Missing Pygments outp
ut; \inputminted was
probably given a file that does not exist--otherwise, you may need 
the outputdir package option, or may be using an incompatible build tool,
or may be using frozencache with a missing file.

See the minted package documentation for explanation.
Type  H <return>  for immediate help.
 ...                                              
                                                  
l.369 \end{minted}
                  

./itOverleaf_Configuration.tex:381: Package minted Error: Missing Pygments outp
ut; \inputminted was
probably given a file that does not exist--otherwise, you may need 
the outputdir package option, or may be using an incompatible build tool,
or may be using frozencache with a missing file.

See the minted package documentation for explanation.
Type  H <return>  for immediate help.
 ...                                              
                                                  
l.381 \end{minted}
                  

./itOverleaf_Configuration.tex:389: Package minted Error: Missing Pygments outp
ut; \inputminted was
probably given a file that does not exist--otherwise, you may need 
the outputdir package option, or may be using an incompatible build tool,
or may be using frozencache with a missing file.

See the minted package documentation for explanation.
Type  H <return>  for immediate help.
 ...                                              
                                                  
l.389 \end{minted}
                  

./itOverleaf_Configuration.tex:397: Package minted Error: Missing Pygments outp
ut; \inputminted was
probably given a file that does not exist--otherwise, you may need 
the outputdir package option, or may be using an incompatible build tool,
or may be using frozencache with a missing file.

See the minted package documentation for explanation.
Type  H <return>  for immediate help.
 ...                                              
                                                  
l.397 \end{minted}
                  

./itOverleaf_Configuration.tex:407: Package minted Error: Missing Pygments outp
ut; \inputminted was
probably given a file that does not exist--otherwise, you may need 
the outputdir package option, or may be using an incompatible build tool,
or may be using frozencache with a missing file.

See the minted package documentation for explanation.
Type  H <return>  for immediate help.
 ...                                              
                                                  
l.407 \end{minted}
                  

./itOverleaf_Configuration.tex:414: Package minted Error: Missing Pygments outp
ut; \inputminted was
probably given a file that does not exist--otherwise, you may need 
the outputdir package option, or may be using an incompatible build tool,
or may be using frozencache with a missing file.

See the minted package documentation for explanation.
Type  H <return>  for immediate help.
 ...                                              
                                                  
l.414 \end{minted}
                  

LaTeX Warning: Reference `fig:overleaf-working' on page 28 undefined on input l
ine 418.


Package fancyhdr Warning: \headheight is too small (14.45377pt): 
(fancyhdr)                Make it at least 14.49998pt, for example:
(fancyhdr)                \setlength{\headheight}{14.49998pt}.
(fancyhdr)                You might also make \topmargin smaller to compensate:

(fancyhdr)                \addtolength{\topmargin}{-0.04622pt}.

[28])

Package fancyhdr Warning: \headheight is too small (14.45377pt): 
(fancyhdr)                Make it at least 14.49998pt, for example:
(fancyhdr)                \setlength{\headheight}{14.49998pt}.
(fancyhdr)                You might also make \topmargin smaller to compensate:

(fancyhdr)                \addtolength{\topmargin}{-0.04622pt}.

[29] (./DomainHosting.tex
Chapter 13.

Overfull \hbox (28.7968pt too wide) in paragraph at lines 9--10
\OT1/txr/m/n/10.95 group full con-trol over cus-tom DNS records, SSL, and sub-d
o-mains (like http://overleaf.quackops.me:8090/project),

LaTeX Warning: Reference `fig:dns-records' on page 30 undefined on input line 2
7.


Overfull \hbox (17.69293pt too wide) in paragraph at lines 31--39
 [][] 
[30]

Package fancyhdr Warning: \headheight is too small (14.45377pt): 
(fancyhdr)                Make it at least 14.49998pt, for example:
(fancyhdr)                \setlength{\headheight}{14.49998pt}.
(fancyhdr)                You might also make \topmargin smaller to compensate:

(fancyhdr)                \addtolength{\topmargin}{-0.04622pt}.

[31]
Overfull \hbox (70.62596pt too wide) in paragraph at lines 124--124
[]\OT1/txtt/m/n/10.95 # Hi JustBaumann! You\TS1/txtt/m/n/10.95 '\OT1/txtt/m/n/1
0.95 ve successfully authenticated, but GitHub does not provide shell access.[]
 

Package fancyhdr Warning: \headheight is too small (14.45377pt): 
(fancyhdr)                Make it at least 14.49998pt, for example:
(fancyhdr)                \setlength{\headheight}{14.49998pt}.
(fancyhdr)                You might also make \topmargin smaller to compensate:

(fancyhdr)                \addtolength{\topmargin}{-0.04622pt}.

[32]
Overfull \hbox (53.37976pt too wide) in paragraph at lines 153--153
[]  \OT1/txtt/m/n/10.95 \( -name "*.tex" -o -name "*.bib" -o -name "*.cls" -o -
name "*.sty" -o -name "*.bst" \) \[] 

Package fancyhdr Warning: \headheight is too small (14.45377pt): 
(fancyhdr)                Make it at least 14.49998pt, for example:
(fancyhdr)                \setlength{\headheight}{14.49998pt}.
(fancyhdr)                You might also make \topmargin smaller to compensate:

(fancyhdr)                \addtolength{\topmargin}{-0.04622pt}.

[33])

Package fancyhdr Warning: \headheight is too small (14.45377pt): 
(fancyhdr)                Make it at least 14.49998pt, for example:
(fancyhdr)                \setlength{\headheight}{14.49998pt}.
(fancyhdr)                You might also make \topmargin smaller to compensate:

(fancyhdr)                \addtolength{\topmargin}{-0.04622pt}.

[34] (./CompilingOverleaf.tex
Chapter 14.

./CompilingOverleaf.tex:14: Package minted Error: Missing Pygments output; \inp
utminted was
probably given a file that does not exist--otherwise, you may need 
the outputdir package option, or may be using an incompatible build tool,
or may be using frozencache with a missing file.

See the minted package documentation for explanation.
Type  H <return>  for immediate help.
 ...                                              
                                                  
l.14 \end{minted}
                 

./CompilingOverleaf.tex:20: Package minted Error: Missing Pygments output; \inp
utminted was
probably given a file that does not exist--otherwise, you may need 
the outputdir package option, or may be using an incompatible build tool,
or may be using frozencache with a missing file.

See the minted package documentation for explanation.
Type  H <return>  for immediate help.
 ...                                              
                                                  
l.20 \end{minted}
                 

./CompilingOverleaf.tex:25: Package minted Error: Missing Pygments output; \inp
utminted was
probably given a file that does not exist--otherwise, you may need 
the outputdir package option, or may be using an incompatible build tool,
or may be using frozencache with a missing file.

See the minted package documentation for explanation.
Type  H <return>  for immediate help.
 ...                                              
                                                  
l.25 \end{minted}
                 

./CompilingOverleaf.tex:41: Package minted Error: Missing Pygments output; \inp
utminted was
probably given a file that does not exist--otherwise, you may need 
the outputdir package option, or may be using an incompatible build tool,
or may be using frozencache with a missing file.

See the minted package documentation for explanation.
Type  H <return>  for immediate help.
 ...                                              
                                                  
l.41 \end{minted}
                 
) [35 <./png/cmdoverleaf.png>]

Package fancyhdr Warning: \headheight is too small (14.45377pt): 
(fancyhdr)                Make it at least 14.49998pt, for example:
(fancyhdr)                \setlength{\headheight}{14.49998pt}.
(fancyhdr)                You might also make \topmargin smaller to compensate:

(fancyhdr)                \addtolength{\topmargin}{-0.04622pt}.

[36 <./png/overleafpdf.png>] (./itAppendix.tex
Appendix A.

Package hyperref Warning: Token not allowed in a PDF string (Unicode):
(hyperref)                removing `\\' on input line 5.

) [37]

Package glossaries Warning: Empty glossary for \printnoidxglossary[type={main}]
. Rerun may be required (or you may have forgotten to use commands like \gls) o
n input line 420.

No file itManual.bbl.
No file itManual.ind.
(./itManual.aux (./prologue.aux) (./itIntroduction.aux) (./itPasswords.aux)
(./itHosts.aux) (./KanbanSetup.aux) (./Hosts.aux) (./LinuxCommands.aux)
(./ProjectProposal.aux) (./AWSDeployment.aux) (./LaTeXDocker.aux)
(./itBugzilla.aux) (./itOverleaf.aux) (./SSLResearch.aux)
(./itOverleaf_Configuration.aux) (./DomainHosting.aux) (./CompilingOverleaf.aux
) (./itAppendix.aux))

LaTeX Warning: There were undefined references.


LaTeX Warning: There were multiply-defined labels.


Package rerunfilecheck Warning: File `itManual.out' has changed.
(rerunfilecheck)                Rerun to get outlines right
(rerunfilecheck)                or use package `bookmark'.

 )
(see the transcript file for additional information){/usr/share/texlive/texmf-d
ist/fonts/enc/dvips/base/8r.enc}</usr/share/texlive/texmf-dist/fonts/type1/publ
ic/txfonts/rtcxr.pfb></usr/share/texlive/texmf-dist/fonts/type1/public/txfonts/
rtxb.pfb></usr/share/texlive/texmf-dist/fonts/type1/public/txfonts/rtxr.pfb></u
sr/share/texlive/texmf-dist/fonts/type1/public/txfonts/tcxtt.pfb></usr/share/te
xlive/texmf-dist/fonts/type1/public/txfonts/txbtt.pfb></usr/share/texlive/texmf
-dist/fonts/type1/public/txfonts/txsy.pfb></usr/share/texlive/texmf-dist/fonts/
type1/public/txfonts/txtt.pfb></usr/share/texlive/texmf-dist/fonts/type1/urw/ti
mes/utmb8a.pfb></usr/share/texlive/texmf-dist/fonts/type1/urw/times/utmbi8a.pfb
></usr/share/texlive/texmf-dist/fonts/type1/urw/times/utmr8a.pfb></usr/share/te
xlive/texmf-dist/fonts/type1/urw/times/utmri8a.pfb>
Output written on itManual.pdf (45 pages, 1136202 bytes).
Transcript written on itManual.log.
