Rc files read:
  /etc/LatexMk
Latexmk: This is Latexmk, John Collins, 27 Dec. 2024. Version 4.86a.
Latexmk: Changing directory to '/var/lib/overleaf/data/compiles/69151a88bfb16b16ad3fd245-68eed5cdba6fdc86c6484625/'
Latexmk: applying rule 'pdflatex'...
Rule 'pdflatex':  Reasons for rerun
Changed files or newly in use/created:
  prologue.tex
Category 'changed_user':
  prologue.tex

------------
Run number 1 of rule 'pdflatex'
------------
------------
Running 'pdflatex  -synctex=1 -interaction=batchmode -recorder --jobname="output"  "itManual.tex"'
------------
This is pdfTeX, Version 3.141592653-2.6-1.40.28 (TeX Live 2025) (preloaded format=pdflatex)
 restricted \write18 enabled.
entering extended mode
Latexmk: Getting log file 'output.log'
Latexmk: Examining 'output.fls'
Latexmk: Examining 'output.log'
Latexmk: Index file 'output.idx' was written
Latexmk: Found input bbl file 'output.bbl'
Latexmk: Log file says output to 'output.pdf'
Have index file 'output.idx', output.ind output
Latexmk: Found bibliography file(s):
  ./bibfile.bib
Latexmk: applying rule 'makeindex output.idx'...
Rule 'makeindex output.idx':  Reasons for rerun
Changed files or newly in use/created:
  output.idx

------------
Run number 1 of rule 'makeindex output.idx'
------------
------------
Running 'makeindex  -o "output.ind" "output.idx"'
------------
Latexmk: applying rule 'bibtex output'...
Rule 'bibtex output':  Reasons for rerun
Changed files or newly in use/created:
  AWSDeployment.aux
  CompilingOverleaf.aux
  DomainHosting.aux
  JenkinsPytest.aux
  LaTeXCompilationAction.aux
  LaTeXDocker.aux
  LoadBalancer.aux
  PrometheusWithGrafana.aux
  SSLResearch.aux
  itAppendix.aux
  itBugzilla.aux
  itOverleaf.aux
  itOverleaf_Configuration.aux
  output.aux

------------
Run number 1 of rule 'bibtex output'
------------
------------
Running 'bibtex  "output.aux"'
------------
This is BibTeX, Version 0.99d (TeX Live 2025)
The top-level auxiliary file: output.aux
The style file: IEEEtran.bst
I found no \citation commands---while reading file output.aux
Database file #1: bibfile.bib
-- IEEEtran.bst version 1.10 (2002/09/27) by Michael Shell.
-- http://www.ctan.org/tex-archive/macros/latex/contrib/supported/IEEEtran/
-- See the "IEEEtran_bst_HOWTO.pdf" manual for usage information.

Done.
(There was 1 error message)
Latexmk: applying rule 'pdflatex'...
Rule 'pdflatex':  Reasons for rerun
Changed files or newly in use/created:
  AWSDeployment.aux
  CompilingOverleaf.aux
  DomainHosting.aux
  JenkinsPytest.aux
  LaTeXCompilationAction.aux
  LaTeXDocker.aux
  LoadBalancer.aux
  PrometheusWithGrafana.aux
  SSLResearch.aux
  itAppendix.aux
  itBugzilla.aux
  itOverleaf.aux
  itOverleaf_Configuration.aux
  output.aux
  output.ind
  output.lof
  output.lot
  output.toc

------------
Run number 2 of rule 'pdflatex'
------------
------------
Running 'pdflatex  -synctex=1 -interaction=batchmode -recorder --jobname="output"  "itManual.tex"'
------------
This is pdfTeX, Version 3.141592653-2.6-1.40.28 (TeX Live 2025) (preloaded format=pdflatex)
 restricted \write18 enabled.
entering extended mode
Latexmk: Getting log file 'output.log'
Latexmk: Examining 'output.fls'
Latexmk: Examining 'output.log'
Latexmk: Index file 'output.idx' was written
Latexmk: Found input bbl file 'output.bbl'
Latexmk: Log file says output to 'output.pdf'
Have index file 'output.idx', output.ind output
Latexmk: Found bibliography file(s):
  ./bibfile.bib
Latexmk: applying rule 'makeindex output.idx'...
Rule 'makeindex output.idx':  Reasons for rerun
Changed files or newly in use/created:
  output.idx

------------
Run number 2 of rule 'makeindex output.idx'
------------
------------
Running 'makeindex  -o "output.ind" "output.idx"'
------------
Latexmk: applying rule 'bibtex output'...
Rule 'bibtex output':  Reasons for rerun
Changed files or newly in use/created:
  AWSDeployment.aux
  CompilingOverleaf.aux
  DomainHosting.aux
  JenkinsPytest.aux
  LaTeXCompilationAction.aux
  LaTeXDocker.aux
  LoadBalancer.aux
  PrometheusWithGrafana.aux
  SSLResearch.aux
  itAppendix.aux
  itBugzilla.aux
  itOverleaf.aux
  itOverleaf_Configuration.aux
  output.aux

------------
Run number 2 of rule 'bibtex output'
------------
------------
Running 'bibtex  "output.aux"'
------------
This is BibTeX, Version 0.99d (TeX Live 2025)
The top-level auxiliary file: output.aux
The style file: IEEEtran.bst
I found no \citation commands---while reading file output.aux
Database file #1: bibfile.bib
-- IEEEtran.bst version 1.10 (2002/09/27) by Michael Shell.
-- http://www.ctan.org/tex-archive/macros/latex/contrib/supported/IEEEtran/
-- See the "IEEEtran_bst_HOWTO.pdf" manual for usage information.

Done.
(There was 1 error message)
Latexmk: applying rule 'pdflatex'...
Rule 'pdflatex':  Reasons for rerun
Changed files or newly in use/created:
  AWSDeployment.aux
  CompilingOverleaf.aux
  DomainHosting.aux
  JenkinsPytest.aux
  LaTeXCompilationAction.aux
  LaTeXDocker.aux
  LoadBalancer.aux
  PrometheusWithGrafana.aux
  SSLResearch.aux
  itAppendix.aux
  itBugzilla.aux
  itOverleaf.aux
  itOverleaf_Configuration.aux
  output.aux
  output.ind
  output.lof
  output.lot
  output.toc

------------
Run number 3 of rule 'pdflatex'
------------
------------
Running 'pdflatex  -synctex=1 -interaction=batchmode -recorder --jobname="output"  "itManual.tex"'
------------
This is pdfTeX, Version 3.141592653-2.6-1.40.28 (TeX Live 2025) (preloaded format=pdflatex)
 restricted \write18 enabled.
entering extended mode
Latexmk: Getting log file 'output.log'
Latexmk: Examining 'output.fls'
Latexmk: Examining 'output.log'
Latexmk: Index file 'output.idx' was written
Latexmk: Found input bbl file 'output.bbl'
Latexmk: Log file says output to 'output.pdf'
Have index file 'output.idx', output.ind output
Latexmk: Found bibliography file(s):
  ./bibfile.bib
Latexmk: Summary of warnings from last run of *latex:
  Latex failed to resolve 1 reference(s)
  Latex found 7 multiply defined reference(s)
  =====Latex reported missing or unavailable character(s).
=====See log file for details.
Latexmk: Errors, in force_mode: so I tried finishing targets
Collected error summary (may duplicate other messages):
  pdflatex: Command for 'pdflatex' gave return code 1
      Refer to 'output.log' and/or above output for details
Latexmk: Undoing directory change

